The target system is: Android - 1 - aarch64
The host system is: Android - 5.4.259-qgki-ged646d0948ab-dirty - aarch64
Determining if the C compiler works passed with the following output:
Change Dir: /storage/emulated/0/AideProjects/imgui_test/app/.cxx/Debug/294b1oj2/arm64-v8a/CMakeFiles/CMakeTmp

Run Build Command(s):/data/user/0/aidepro.top/files/framework/android-sdk/cmake/bin/ninja cmTC_98527 && [1/2] Building C object CMakeFiles/cmTC_98527.dir/testCCompiler.c.o
[2/2] Linking C executable cmTC_98527



Detecting C compiler ABI info compiled with the following output:
Change Dir: /storage/emulated/0/AideProjects/imgui_test/app/.cxx/Debug/294b1oj2/arm64-v8a/CMakeFiles/CMakeTmp

Run Build Command(s):/data/user/0/aidepro.top/files/framework/android-sdk/cmake/bin/ninja cmTC_bf5a3 && [1/2] Building C object CMakeFiles/cmTC_bf5a3.dir/CMakeCCompilerABI.c.o
Android (8075178, based on r437112b) clang version 14.0.1 (https://android.googlesource.com/toolchain/llvm-project)
Target: aarch64-none-linux-android21
Thread model: posix
InstalledDir: /data/user/0/aidepro.top/files/framework/android-sdk/ndk/24.0.8215888/toolchains/llvm/prebuilt/linux-aarch64/bin
 (in-process)
 "/data/user/0/aidepro.top/files/framework/android-sdk/ndk/24.0.8215888/toolchains/llvm/prebuilt/linux-aarch64/bin/clang" -cc1 -triple aarch64-none-linux-android21 -emit-obj -mrelax-all --mrelax-relocations -mnoexecstack -disable-free -disable-llvm-verifier -discard-value-names -main-file-name CMakeCCompilerABI.c -mrelocation-model pic -pic-level 2 -pic-is-pie -mframe-pointer=non-leaf -fno-rounding-math -mconstructor-aliases -munwind-tables -target-cpu generic -target-feature +neon -target-abi aapcs -mllvm -aarch64-fix-cortex-a53-835769=1 -fallow-half-arguments-and-returns -debug-info-kind=constructor -dwarf-version=4 -debugger-tuning=gdb -v -ffunction-sections -fdata-sections -fcoverage-compilation-dir=/storage/emulated/0/AideProjects/imgui_test/app/.cxx/Debug/294b1oj2/arm64-v8a/CMakeFiles/CMakeTmp -resource-dir /data/user/0/aidepro.top/files/framework/android-sdk/ndk/24.0.8215888/toolchains/llvm/prebuilt/linux-aarch64/lib64/clang/14.0.1 -D ANDROID -D _FORTIFY_SOURCE=2 -isysroot /data/user/0/aidepro.top/files/framework/android-sdk/ndk/24.0.8215888/toolchains/llvm/prebuilt/linux-aarch64/sysroot -internal-isystem /data/user/0/aidepro.top/files/framework/android-sdk/ndk/24.0.8215888/toolchains/llvm/prebuilt/linux-aarch64/lib64/clang/14.0.1/include -internal-isystem /data/user/0/aidepro.top/files/framework/android-sdk/ndk/24.0.8215888/toolchains/llvm/prebuilt/linux-aarch64/sysroot/usr/local/include -internal-externc-isystem /data/user/0/aidepro.top/files/framework/android-sdk/ndk/24.0.8215888/toolchains/llvm/prebuilt/linux-aarch64/sysroot/usr/include/aarch64-linux-android -internal-externc-isystem /data/user/0/aidepro.top/files/framework/android-sdk/ndk/24.0.8215888/toolchains/llvm/prebuilt/linux-aarch64/sysroot/include -internal-externc-isystem /data/user/0/aidepro.top/files/framework/android-sdk/ndk/24.0.8215888/toolchains/llvm/prebuilt/linux-aarch64/sysroot/usr/include -Wformat -fdebug-compilation-dir=/storage/emulated/0/AideProjects/imgui_test/app/.cxx/Debug/294b1oj2/arm64-v8a/CMakeFiles/CMakeTmp -ferror-limit 19 -stack-protector 2 -fno-signed-char -fgnuc-version=4.2.1 -target-feature +outline-atomics -D__GCC_HAVE_DWARF2_CFI_ASM=1 -o CMakeFiles/cmTC_bf5a3.dir/CMakeCCompilerABI.c.o -x c /data/user/0/aidepro.top/files/framework/android-sdk/cmake/share/cmake-3.17/Modules/CMakeCCompilerABI.c
clang -cc1 version 14.0.1 based upon LLVM 14.0.1git default target aarch64-linux-android21
ignoring nonexistent directory "/data/user/0/aidepro.top/files/framework/android-sdk/ndk/24.0.8215888/toolchains/llvm/prebuilt/linux-aarch64/sysroot/include"
#include "..." search starts here:
#include <...> search starts here:
 /data/user/0/aidepro.top/files/framework/android-sdk/ndk/24.0.8215888/toolchains/llvm/prebuilt/linux-aarch64/lib64/clang/14.0.1/include
 /data/user/0/aidepro.top/files/framework/android-sdk/ndk/24.0.8215888/toolchains/llvm/prebuilt/linux-aarch64/sysroot/usr/local/include
 /data/user/0/aidepro.top/files/framework/android-sdk/ndk/24.0.8215888/toolchains/llvm/prebuilt/linux-aarch64/sysroot/usr/include/aarch64-linux-android
 /data/user/0/aidepro.top/files/framework/android-sdk/ndk/24.0.8215888/toolchains/llvm/prebuilt/linux-aarch64/sysroot/usr/include
End of search list.
[2/2] Linking C executable cmTC_bf5a3
Android (8075178, based on r437112b) clang version 14.0.1 (https://android.googlesource.com/toolchain/llvm-project)
Target: aarch64-none-linux-android21
Thread model: posix
InstalledDir: /data/user/0/aidepro.top/files/framework/android-sdk/ndk/24.0.8215888/toolchains/llvm/prebuilt/linux-aarch64/bin
 "/data/user/0/aidepro.top/files/framework/android-sdk/ndk/24.0.8215888/toolchains/llvm/prebuilt/linux-aarch64/bin/ld" --sysroot=/data/user/0/aidepro.top/files/framework/android-sdk/ndk/24.0.8215888/toolchains/llvm/prebuilt/linux-aarch64/sysroot -pie -z noexecstack -EL --fix-cortex-a53-843419 --warn-shared-textrel -z now -z relro -z max-page-size=4096 --hash-style=both --enable-new-dtags --eh-frame-hdr -m aarch64linux -dynamic-linker /system/bin/linker64 -o cmTC_bf5a3 /data/user/0/aidepro.top/files/framework/android-sdk/ndk/24.0.8215888/toolchains/llvm/prebuilt/linux-aarch64/sysroot/usr/lib/aarch64-linux-android/21/crtbegin_dynamic.o -L/data/user/0/aidepro.top/files/framework/android-sdk/ndk/24.0.8215888/toolchains/llvm/prebuilt/linux-aarch64/lib64/clang/14.0.1/lib/linux/aarch64 -L/data/user/0/aidepro.top/files/framework/android-sdk/ndk/24.0.8215888/toolchains/llvm/prebuilt/linux-aarch64/sysroot/usr/lib/aarch64-linux-android/21 -L/data/user/0/aidepro.top/files/framework/android-sdk/ndk/24.0.8215888/toolchains/llvm/prebuilt/linux-aarch64/sysroot/usr/lib/aarch64-linux-android -L/data/user/0/aidepro.top/files/framework/android-sdk/ndk/24.0.8215888/toolchains/llvm/prebuilt/linux-aarch64/sysroot/usr/lib --build-id=sha1 --no-rosegment --fatal-warnings --no-undefined --gc-sections CMakeFiles/cmTC_bf5a3.dir/CMakeCCompilerABI.c.o /data/user/0/aidepro.top/files/framework/android-sdk/ndk/24.0.8215888/toolchains/llvm/prebuilt/linux-aarch64/lib64/clang/14.0.1/lib/linux/libclang_rt.builtins-aarch64-android.a -l:libunwind.a -ldl -lc /data/user/0/aidepro.top/files/framework/android-sdk/ndk/24.0.8215888/toolchains/llvm/prebuilt/linux-aarch64/lib64/clang/14.0.1/lib/linux/libclang_rt.builtins-aarch64-android.a -l:libunwind.a -ldl /data/user/0/aidepro.top/files/framework/android-sdk/ndk/24.0.8215888/toolchains/llvm/prebuilt/linux-aarch64/sysroot/usr/lib/aarch64-linux-android/21/crtend_android.o



Parsed C implicit include dir info from above output: rv=done
  found start of include info
  found start of implicit include info
    add: [/data/user/0/aidepro.top/files/framework/android-sdk/ndk/24.0.8215888/toolchains/llvm/prebuilt/linux-aarch64/lib64/clang/14.0.1/include]
    add: [/data/user/0/aidepro.top/files/framework/android-sdk/ndk/24.0.8215888/toolchains/llvm/prebuilt/linux-aarch64/sysroot/usr/local/include]
    add: [/data/user/0/aidepro.top/files/framework/android-sdk/ndk/24.0.8215888/toolchains/llvm/prebuilt/linux-aarch64/sysroot/usr/include/aarch64-linux-android]
    add: [/data/user/0/aidepro.top/files/framework/android-sdk/ndk/24.0.8215888/toolchains/llvm/prebuilt/linux-aarch64/sysroot/usr/include]
  end of search list found
  collapse include dir [/data/user/0/aidepro.top/files/framework/android-sdk/ndk/24.0.8215888/toolchains/llvm/prebuilt/linux-aarch64/lib64/clang/14.0.1/include] ==> [/data/user/0/aidepro.top/files/framework/android-sdk/ndk/24.0.8215888/toolchains/llvm/prebuilt/linux-aarch64/lib64/clang/14.0.1/include]
  collapse include dir [/data/user/0/aidepro.top/files/framework/android-sdk/ndk/24.0.8215888/toolchains/llvm/prebuilt/linux-aarch64/sysroot/usr/local/include] ==> [/data/user/0/aidepro.top/files/framework/android-sdk/ndk/24.0.8215888/toolchains/llvm/prebuilt/linux-aarch64/sysroot/usr/local/include]
  collapse include dir [/data/user/0/aidepro.top/files/framework/android-sdk/ndk/24.0.8215888/toolchains/llvm/prebuilt/linux-aarch64/sysroot/usr/include/aarch64-linux-android] ==> [/data/user/0/aidepro.top/files/framework/android-sdk/ndk/24.0.8215888/toolchains/llvm/prebuilt/linux-aarch64/sysroot/usr/include/aarch64-linux-android]
  collapse include dir [/data/user/0/aidepro.top/files/framework/android-sdk/ndk/24.0.8215888/toolchains/llvm/prebuilt/linux-aarch64/sysroot/usr/include] ==> [/data/user/0/aidepro.top/files/framework/android-sdk/ndk/24.0.8215888/toolchains/llvm/prebuilt/linux-aarch64/sysroot/usr/include]
  implicit include dirs: [/data/user/0/aidepro.top/files/framework/android-sdk/ndk/24.0.8215888/toolchains/llvm/prebuilt/linux-aarch64/lib64/clang/14.0.1/include;/data/user/0/aidepro.top/files/framework/android-sdk/ndk/24.0.8215888/toolchains/llvm/prebuilt/linux-aarch64/sysroot/usr/local/include;/data/user/0/aidepro.top/files/framework/android-sdk/ndk/24.0.8215888/toolchains/llvm/prebuilt/linux-aarch64/sysroot/usr/include/aarch64-linux-android;/data/user/0/aidepro.top/files/framework/android-sdk/ndk/24.0.8215888/toolchains/llvm/prebuilt/linux-aarch64/sysroot/usr/include]


Parsed C implicit link information from above output:
  link line regex: [^( *|.*[/\])(ld\.lld|CMAKE_LINK_STARTFILE-NOTFOUND|([^/\]+-)?ld|collect2)[^/\]*( |$)]
  ignore line: [Change Dir: /storage/emulated/0/AideProjects/imgui_test/app/.cxx/Debug/294b1oj2/arm64-v8a/CMakeFiles/CMakeTmp]
  ignore line: []
  ignore line: [Run Build Command(s):/data/user/0/aidepro.top/files/framework/android-sdk/cmake/bin/ninja cmTC_bf5a3 && [1/2] Building C object CMakeFiles/cmTC_bf5a3.dir/CMakeCCompilerABI.c.o]
  ignore line: [Android (8075178  based on r437112b) clang version 14.0.1 (https://android.googlesource.com/toolchain/llvm-project)]
  ignore line: [Target: aarch64-none-linux-android21]
  ignore line: [Thread model: posix]
  ignore line: [InstalledDir: /data/user/0/aidepro.top/files/framework/android-sdk/ndk/24.0.8215888/toolchains/llvm/prebuilt/linux-aarch64/bin]
  ignore line: [ (in-process)]
  ignore line: [ "/data/user/0/aidepro.top/files/framework/android-sdk/ndk/24.0.8215888/toolchains/llvm/prebuilt/linux-aarch64/bin/clang" -cc1 -triple aarch64-none-linux-android21 -emit-obj -mrelax-all --mrelax-relocations -mnoexecstack -disable-free -disable-llvm-verifier -discard-value-names -main-file-name CMakeCCompilerABI.c -mrelocation-model pic -pic-level 2 -pic-is-pie -mframe-pointer=non-leaf -fno-rounding-math -mconstructor-aliases -munwind-tables -target-cpu generic -target-feature +neon -target-abi aapcs -mllvm -aarch64-fix-cortex-a53-835769=1 -fallow-half-arguments-and-returns -debug-info-kind=constructor -dwarf-version=4 -debugger-tuning=gdb -v -ffunction-sections -fdata-sections -fcoverage-compilation-dir=/storage/emulated/0/AideProjects/imgui_test/app/.cxx/Debug/294b1oj2/arm64-v8a/CMakeFiles/CMakeTmp -resource-dir /data/user/0/aidepro.top/files/framework/android-sdk/ndk/24.0.8215888/toolchains/llvm/prebuilt/linux-aarch64/lib64/clang/14.0.1 -D ANDROID -D _FORTIFY_SOURCE=2 -isysroot /data/user/0/aidepro.top/files/framework/android-sdk/ndk/24.0.8215888/toolchains/llvm/prebuilt/linux-aarch64/sysroot -internal-isystem /data/user/0/aidepro.top/files/framework/android-sdk/ndk/24.0.8215888/toolchains/llvm/prebuilt/linux-aarch64/lib64/clang/14.0.1/include -internal-isystem /data/user/0/aidepro.top/files/framework/android-sdk/ndk/24.0.8215888/toolchains/llvm/prebuilt/linux-aarch64/sysroot/usr/local/include -internal-externc-isystem /data/user/0/aidepro.top/files/framework/android-sdk/ndk/24.0.8215888/toolchains/llvm/prebuilt/linux-aarch64/sysroot/usr/include/aarch64-linux-android -internal-externc-isystem /data/user/0/aidepro.top/files/framework/android-sdk/ndk/24.0.8215888/toolchains/llvm/prebuilt/linux-aarch64/sysroot/include -internal-externc-isystem /data/user/0/aidepro.top/files/framework/android-sdk/ndk/24.0.8215888/toolchains/llvm/prebuilt/linux-aarch64/sysroot/usr/include -Wformat -fdebug-compilation-dir=/storage/emulated/0/AideProjects/imgui_test/app/.cxx/Debug/294b1oj2/arm64-v8a/CMakeFiles/CMakeTmp -ferror-limit 19 -stack-protector 2 -fno-signed-char -fgnuc-version=4.2.1 -target-feature +outline-atomics -D__GCC_HAVE_DWARF2_CFI_ASM=1 -o CMakeFiles/cmTC_bf5a3.dir/CMakeCCompilerABI.c.o -x c /data/user/0/aidepro.top/files/framework/android-sdk/cmake/share/cmake-3.17/Modules/CMakeCCompilerABI.c]
  ignore line: [clang -cc1 version 14.0.1 based upon LLVM 14.0.1git default target aarch64-linux-android21]
  ignore line: [ignoring nonexistent directory "/data/user/0/aidepro.top/files/framework/android-sdk/ndk/24.0.8215888/toolchains/llvm/prebuilt/linux-aarch64/sysroot/include"]
  ignore line: [#include "..." search starts here:]
  ignore line: [#include <...> search starts here:]
  ignore line: [ /data/user/0/aidepro.top/files/framework/android-sdk/ndk/24.0.8215888/toolchains/llvm/prebuilt/linux-aarch64/lib64/clang/14.0.1/include]
  ignore line: [ /data/user/0/aidepro.top/files/framework/android-sdk/ndk/24.0.8215888/toolchains/llvm/prebuilt/linux-aarch64/sysroot/usr/local/include]
  ignore line: [ /data/user/0/aidepro.top/files/framework/android-sdk/ndk/24.0.8215888/toolchains/llvm/prebuilt/linux-aarch64/sysroot/usr/include/aarch64-linux-android]
  ignore line: [ /data/user/0/aidepro.top/files/framework/android-sdk/ndk/24.0.8215888/toolchains/llvm/prebuilt/linux-aarch64/sysroot/usr/include]
  ignore line: [End of search list.]
  ignore line: [[2/2] Linking C executable cmTC_bf5a3]
  ignore line: [Android (8075178  based on r437112b) clang version 14.0.1 (https://android.googlesource.com/toolchain/llvm-project)]
  ignore line: [Target: aarch64-none-linux-android21]
  ignore line: [Thread model: posix]
  ignore line: [InstalledDir: /data/user/0/aidepro.top/files/framework/android-sdk/ndk/24.0.8215888/toolchains/llvm/prebuilt/linux-aarch64/bin]
  link line: [ "/data/user/0/aidepro.top/files/framework/android-sdk/ndk/24.0.8215888/toolchains/llvm/prebuilt/linux-aarch64/bin/ld" --sysroot=/data/user/0/aidepro.top/files/framework/android-sdk/ndk/24.0.8215888/toolchains/llvm/prebuilt/linux-aarch64/sysroot -pie -z noexecstack -EL --fix-cortex-a53-843419 --warn-shared-textrel -z now -z relro -z max-page-size=4096 --hash-style=both --enable-new-dtags --eh-frame-hdr -m aarch64linux -dynamic-linker /system/bin/linker64 -o cmTC_bf5a3 /data/user/0/aidepro.top/files/framework/android-sdk/ndk/24.0.8215888/toolchains/llvm/prebuilt/linux-aarch64/sysroot/usr/lib/aarch64-linux-android/21/crtbegin_dynamic.o -L/data/user/0/aidepro.top/files/framework/android-sdk/ndk/24.0.8215888/toolchains/llvm/prebuilt/linux-aarch64/lib64/clang/14.0.1/lib/linux/aarch64 -L/data/user/0/aidepro.top/files/framework/android-sdk/ndk/24.0.8215888/toolchains/llvm/prebuilt/linux-aarch64/sysroot/usr/lib/aarch64-linux-android/21 -L/data/user/0/aidepro.top/files/framework/android-sdk/ndk/24.0.8215888/toolchains/llvm/prebuilt/linux-aarch64/sysroot/usr/lib/aarch64-linux-android -L/data/user/0/aidepro.top/files/framework/android-sdk/ndk/24.0.8215888/toolchains/llvm/prebuilt/linux-aarch64/sysroot/usr/lib --build-id=sha1 --no-rosegment --fatal-warnings --no-undefined --gc-sections CMakeFiles/cmTC_bf5a3.dir/CMakeCCompilerABI.c.o /data/user/0/aidepro.top/files/framework/android-sdk/ndk/24.0.8215888/toolchains/llvm/prebuilt/linux-aarch64/lib64/clang/14.0.1/lib/linux/libclang_rt.builtins-aarch64-android.a -l:libunwind.a -ldl -lc /data/user/0/aidepro.top/files/framework/android-sdk/ndk/24.0.8215888/toolchains/llvm/prebuilt/linux-aarch64/lib64/clang/14.0.1/lib/linux/libclang_rt.builtins-aarch64-android.a -l:libunwind.a -ldl /data/user/0/aidepro.top/files/framework/android-sdk/ndk/24.0.8215888/toolchains/llvm/prebuilt/linux-aarch64/sysroot/usr/lib/aarch64-linux-android/21/crtend_android.o]
    arg [/data/user/0/aidepro.top/files/framework/android-sdk/ndk/24.0.8215888/toolchains/llvm/prebuilt/linux-aarch64/bin/ld] ==> ignore
    arg [--sysroot=/data/user/0/aidepro.top/files/framework/android-sdk/ndk/24.0.8215888/toolchains/llvm/prebuilt/linux-aarch64/sysroot] ==> ignore
    arg [-pie] ==> ignore
    arg [-znoexecstack] ==> ignore
    arg [-EL] ==> ignore
    arg [--fix-cortex-a53-843419] ==> ignore
    arg [--warn-shared-textrel] ==> ignore
    arg [-znow] ==> ignore
    arg [-zrelro] ==> ignore
    arg [-zmax-page-size=4096] ==> ignore
    arg [--hash-style=both] ==> ignore
    arg [--enable-new-dtags] ==> ignore
    arg [--eh-frame-hdr] ==> ignore
    arg [-m] ==> ignore
    arg [aarch64linux] ==> ignore
    arg [-dynamic-linker] ==> ignore
    arg [/system/bin/linker64] ==> ignore
    arg [-o] ==> ignore
    arg [cmTC_bf5a3] ==> ignore
    arg [/data/user/0/aidepro.top/files/framework/android-sdk/ndk/24.0.8215888/toolchains/llvm/prebuilt/linux-aarch64/sysroot/usr/lib/aarch64-linux-android/21/crtbegin_dynamic.o] ==> ignore
    arg [-L/data/user/0/aidepro.top/files/framework/android-sdk/ndk/24.0.8215888/toolchains/llvm/prebuilt/linux-aarch64/lib64/clang/14.0.1/lib/linux/aarch64] ==> dir [/data/user/0/aidepro.top/files/framework/android-sdk/ndk/24.0.8215888/toolchains/llvm/prebuilt/linux-aarch64/lib64/clang/14.0.1/lib/linux/aarch64]
    arg [-L/data/user/0/aidepro.top/files/framework/android-sdk/ndk/24.0.8215888/toolchains/llvm/prebuilt/linux-aarch64/sysroot/usr/lib/aarch64-linux-android/21] ==> dir [/data/user/0/aidepro.top/files/framework/android-sdk/ndk/24.0.8215888/toolchains/llvm/prebuilt/linux-aarch64/sysroot/usr/lib/aarch64-linux-android/21]
    arg [-L/data/user/0/aidepro.top/files/framework/android-sdk/ndk/24.0.8215888/toolchains/llvm/prebuilt/linux-aarch64/sysroot/usr/lib/aarch64-linux-android] ==> dir [/data/user/0/aidepro.top/files/framework/android-sdk/ndk/24.0.8215888/toolchains/llvm/prebuilt/linux-aarch64/sysroot/usr/lib/aarch64-linux-android]
    arg [-L/data/user/0/aidepro.top/files/framework/android-sdk/ndk/24.0.8215888/toolchains/llvm/prebuilt/linux-aarch64/sysroot/usr/lib] ==> dir [/data/user/0/aidepro.top/files/framework/android-sdk/ndk/24.0.8215888/toolchains/llvm/prebuilt/linux-aarch64/sysroot/usr/lib]
    arg [--build-id=sha1] ==> ignore
    arg [--no-rosegment] ==> ignore
    arg [--fatal-warnings] ==> ignore
    arg [--no-undefined] ==> ignore
    arg [--gc-sections] ==> ignore
    arg [CMakeFiles/cmTC_bf5a3.dir/CMakeCCompilerABI.c.o] ==> ignore
    arg [/data/user/0/aidepro.top/files/framework/android-sdk/ndk/24.0.8215888/toolchains/llvm/prebuilt/linux-aarch64/lib64/clang/14.0.1/lib/linux/libclang_rt.builtins-aarch64-android.a] ==> lib [/data/user/0/aidepro.top/files/framework/android-sdk/ndk/24.0.8215888/toolchains/llvm/prebuilt/linux-aarch64/lib64/clang/14.0.1/lib/linux/libclang_rt.builtins-aarch64-android.a]
    arg [-l:libunwind.a] ==> lib [-l:libunwind.a]
    arg [-ldl] ==> lib [dl]
    arg [-lc] ==> lib [c]
    arg [/data/user/0/aidepro.top/files/framework/android-sdk/ndk/24.0.8215888/toolchains/llvm/prebuilt/linux-aarch64/lib64/clang/14.0.1/lib/linux/libclang_rt.builtins-aarch64-android.a] ==> lib [/data/user/0/aidepro.top/files/framework/android-sdk/ndk/24.0.8215888/toolchains/llvm/prebuilt/linux-aarch64/lib64/clang/14.0.1/lib/linux/libclang_rt.builtins-aarch64-android.a]
    arg [-l:libunwind.a] ==> lib [-l:libunwind.a]
    arg [-ldl] ==> lib [dl]
    arg [/data/user/0/aidepro.top/files/framework/android-sdk/ndk/24.0.8215888/toolchains/llvm/prebuilt/linux-aarch64/sysroot/usr/lib/aarch64-linux-android/21/crtend_android.o] ==> ignore
  remove lib [/data/user/0/aidepro.top/files/framework/android-sdk/ndk/24.0.8215888/toolchains/llvm/prebuilt/linux-aarch64/lib64/clang/14.0.1/lib/linux/libclang_rt.builtins-aarch64-android.a]
  remove lib [/data/user/0/aidepro.top/files/framework/android-sdk/ndk/24.0.8215888/toolchains/llvm/prebuilt/linux-aarch64/lib64/clang/14.0.1/lib/linux/libclang_rt.builtins-aarch64-android.a]
  collapse library dir [/data/user/0/aidepro.top/files/framework/android-sdk/ndk/24.0.8215888/toolchains/llvm/prebuilt/linux-aarch64/lib64/clang/14.0.1/lib/linux/aarch64] ==> [/data/user/0/aidepro.top/files/framework/android-sdk/ndk/24.0.8215888/toolchains/llvm/prebuilt/linux-aarch64/lib64/clang/14.0.1/lib/linux/aarch64]
  collapse library dir [/data/user/0/aidepro.top/files/framework/android-sdk/ndk/24.0.8215888/toolchains/llvm/prebuilt/linux-aarch64/sysroot/usr/lib/aarch64-linux-android/21] ==> [/data/user/0/aidepro.top/files/framework/android-sdk/ndk/24.0.8215888/toolchains/llvm/prebuilt/linux-aarch64/sysroot/usr/lib/aarch64-linux-android/21]
  collapse library dir [/data/user/0/aidepro.top/files/framework/android-sdk/ndk/24.0.8215888/toolchains/llvm/prebuilt/linux-aarch64/sysroot/usr/lib/aarch64-linux-android] ==> [/data/user/0/aidepro.top/files/framework/android-sdk/ndk/24.0.8215888/toolchains/llvm/prebuilt/linux-aarch64/sysroot/usr/lib/aarch64-linux-android]
  collapse library dir [/data/user/0/aidepro.top/files/framework/android-sdk/ndk/24.0.8215888/toolchains/llvm/prebuilt/linux-aarch64/sysroot/usr/lib] ==> [/data/user/0/aidepro.top/files/framework/android-sdk/ndk/24.0.8215888/toolchains/llvm/prebuilt/linux-aarch64/sysroot/usr/lib]
  implicit libs: [-l:libunwind.a;dl;c;-l:libunwind.a;dl]
  implicit dirs: [/data/user/0/aidepro.top/files/framework/android-sdk/ndk/24.0.8215888/toolchains/llvm/prebuilt/linux-aarch64/lib64/clang/14.0.1/lib/linux/aarch64;/data/user/0/aidepro.top/files/framework/android-sdk/ndk/24.0.8215888/toolchains/llvm/prebuilt/linux-aarch64/sysroot/usr/lib/aarch64-linux-android/21;/data/user/0/aidepro.top/files/framework/android-sdk/ndk/24.0.8215888/toolchains/llvm/prebuilt/linux-aarch64/sysroot/usr/lib/aarch64-linux-android;/data/user/0/aidepro.top/files/framework/android-sdk/ndk/24.0.8215888/toolchains/llvm/prebuilt/linux-aarch64/sysroot/usr/lib]
  implicit fwks: []


Determining if the CXX compiler works passed with the following output:
Change Dir: /storage/emulated/0/AideProjects/imgui_test/app/.cxx/Debug/294b1oj2/arm64-v8a/CMakeFiles/CMakeTmp

Run Build Command(s):/data/user/0/aidepro.top/files/framework/android-sdk/cmake/bin/ninja cmTC_e0460 && [1/2] Building CXX object CMakeFiles/cmTC_e0460.dir/testCXXCompiler.cxx.o
[2/2] Linking CXX executable cmTC_e0460



Detecting CXX compiler ABI info compiled with the following output:
Change Dir: /storage/emulated/0/AideProjects/imgui_test/app/.cxx/Debug/294b1oj2/arm64-v8a/CMakeFiles/CMakeTmp

Run Build Command(s):/data/user/0/aidepro.top/files/framework/android-sdk/cmake/bin/ninja cmTC_23830 && [1/2] Building CXX object CMakeFiles/cmTC_23830.dir/CMakeCXXCompilerABI.cpp.o
Android (8075178, based on r437112b) clang version 14.0.1 (https://android.googlesource.com/toolchain/llvm-project)
Target: aarch64-none-linux-android21
Thread model: posix
InstalledDir: /data/user/0/aidepro.top/files/framework/android-sdk/ndk/24.0.8215888/toolchains/llvm/prebuilt/linux-aarch64/bin
 (in-process)
 "/data/user/0/aidepro.top/files/framework/android-sdk/ndk/24.0.8215888/toolchains/llvm/prebuilt/linux-aarch64/bin/clang++" -cc1 -triple aarch64-none-linux-android21 -emit-obj -mrelax-all --mrelax-relocations -mnoexecstack -disable-free -disable-llvm-verifier -discard-value-names -main-file-name CMakeCXXCompilerABI.cpp -mrelocation-model pic -pic-level 2 -pic-is-pie -mframe-pointer=non-leaf -fno-rounding-math -mconstructor-aliases -munwind-tables -target-cpu generic -target-feature +neon -target-abi aapcs -mllvm -aarch64-fix-cortex-a53-835769=1 -fallow-half-arguments-and-returns -debug-info-kind=constructor -dwarf-version=4 -debugger-tuning=gdb -v -ffunction-sections -fdata-sections -fcoverage-compilation-dir=/storage/emulated/0/AideProjects/imgui_test/app/.cxx/Debug/294b1oj2/arm64-v8a/CMakeFiles/CMakeTmp -resource-dir /data/user/0/aidepro.top/files/framework/android-sdk/ndk/24.0.8215888/toolchains/llvm/prebuilt/linux-aarch64/lib64/clang/14.0.1 -D ANDROID -D _FORTIFY_SOURCE=2 -isysroot /data/user/0/aidepro.top/files/framework/android-sdk/ndk/24.0.8215888/toolchains/llvm/prebuilt/linux-aarch64/sysroot -internal-isystem /data/user/0/aidepro.top/files/framework/android-sdk/ndk/24.0.8215888/toolchains/llvm/prebuilt/linux-aarch64/sysroot/usr/include/c++/v1 -internal-isystem /data/user/0/aidepro.top/files/framework/android-sdk/ndk/24.0.8215888/toolchains/llvm/prebuilt/linux-aarch64/lib64/clang/14.0.1/include -internal-isystem /data/user/0/aidepro.top/files/framework/android-sdk/ndk/24.0.8215888/toolchains/llvm/prebuilt/linux-aarch64/sysroot/usr/local/include -internal-externc-isystem /data/user/0/aidepro.top/files/framework/android-sdk/ndk/24.0.8215888/toolchains/llvm/prebuilt/linux-aarch64/sysroot/usr/include/aarch64-linux-android -internal-externc-isystem /data/user/0/aidepro.top/files/framework/android-sdk/ndk/24.0.8215888/toolchains/llvm/prebuilt/linux-aarch64/sysroot/include -internal-externc-isystem /data/user/0/aidepro.top/files/framework/android-sdk/ndk/24.0.8215888/toolchains/llvm/prebuilt/linux-aarch64/sysroot/usr/include -Wformat -fdeprecated-macro -fdebug-compilation-dir=/storage/emulated/0/AideProjects/imgui_test/app/.cxx/Debug/294b1oj2/arm64-v8a/CMakeFiles/CMakeTmp -ferror-limit 19 -stack-protector 2 -fno-signed-char -fgnuc-version=4.2.1 -fcxx-exceptions -fexceptions -target-feature +outline-atomics -D__GCC_HAVE_DWARF2_CFI_ASM=1 -o CMakeFiles/cmTC_23830.dir/CMakeCXXCompilerABI.cpp.o -x c++ /data/user/0/aidepro.top/files/framework/android-sdk/cmake/share/cmake-3.17/Modules/CMakeCXXCompilerABI.cpp
clang -cc1 version 14.0.1 based upon LLVM 14.0.1git default target aarch64-linux-android21
ignoring nonexistent directory "/data/user/0/aidepro.top/files/framework/android-sdk/ndk/24.0.8215888/toolchains/llvm/prebuilt/linux-aarch64/sysroot/include"
#include "..." search starts here:
#include <...> search starts here:
 /data/user/0/aidepro.top/files/framework/android-sdk/ndk/24.0.8215888/toolchains/llvm/prebuilt/linux-aarch64/sysroot/usr/include/c++/v1
 /data/user/0/aidepro.top/files/framework/android-sdk/ndk/24.0.8215888/toolchains/llvm/prebuilt/linux-aarch64/lib64/clang/14.0.1/include
 /data/user/0/aidepro.top/files/framework/android-sdk/ndk/24.0.8215888/toolchains/llvm/prebuilt/linux-aarch64/sysroot/usr/local/include
 /data/user/0/aidepro.top/files/framework/android-sdk/ndk/24.0.8215888/toolchains/llvm/prebuilt/linux-aarch64/sysroot/usr/include/aarch64-linux-android
 /data/user/0/aidepro.top/files/framework/android-sdk/ndk/24.0.8215888/toolchains/llvm/prebuilt/linux-aarch64/sysroot/usr/include
End of search list.
[2/2] Linking CXX executable cmTC_23830
Android (8075178, based on r437112b) clang version 14.0.1 (https://android.googlesource.com/toolchain/llvm-project)
Target: aarch64-none-linux-android21
Thread model: posix
InstalledDir: /data/user/0/aidepro.top/files/framework/android-sdk/ndk/24.0.8215888/toolchains/llvm/prebuilt/linux-aarch64/bin
 "/data/user/0/aidepro.top/files/framework/android-sdk/ndk/24.0.8215888/toolchains/llvm/prebuilt/linux-aarch64/bin/ld" --sysroot=/data/user/0/aidepro.top/files/framework/android-sdk/ndk/24.0.8215888/toolchains/llvm/prebuilt/linux-aarch64/sysroot -pie -z noexecstack -EL --fix-cortex-a53-843419 --warn-shared-textrel -z now -z relro -z max-page-size=4096 --hash-style=both --enable-new-dtags --eh-frame-hdr -m aarch64linux -dynamic-linker /system/bin/linker64 -o cmTC_23830 /data/user/0/aidepro.top/files/framework/android-sdk/ndk/24.0.8215888/toolchains/llvm/prebuilt/linux-aarch64/sysroot/usr/lib/aarch64-linux-android/21/crtbegin_dynamic.o -L/data/user/0/aidepro.top/files/framework/android-sdk/ndk/24.0.8215888/toolchains/llvm/prebuilt/linux-aarch64/lib64/clang/14.0.1/lib/linux/aarch64 -L/data/user/0/aidepro.top/files/framework/android-sdk/ndk/24.0.8215888/toolchains/llvm/prebuilt/linux-aarch64/sysroot/usr/lib/aarch64-linux-android/21 -L/data/user/0/aidepro.top/files/framework/android-sdk/ndk/24.0.8215888/toolchains/llvm/prebuilt/linux-aarch64/sysroot/usr/lib/aarch64-linux-android -L/data/user/0/aidepro.top/files/framework/android-sdk/ndk/24.0.8215888/toolchains/llvm/prebuilt/linux-aarch64/sysroot/usr/lib --build-id=sha1 --no-rosegment --fatal-warnings --no-undefined --gc-sections CMakeFiles/cmTC_23830.dir/CMakeCXXCompilerABI.cpp.o -Bstatic -lc++ -Bdynamic -lm /data/user/0/aidepro.top/files/framework/android-sdk/ndk/24.0.8215888/toolchains/llvm/prebuilt/linux-aarch64/lib64/clang/14.0.1/lib/linux/libclang_rt.builtins-aarch64-android.a -l:libunwind.a -ldl -lc /data/user/0/aidepro.top/files/framework/android-sdk/ndk/24.0.8215888/toolchains/llvm/prebuilt/linux-aarch64/lib64/clang/14.0.1/lib/linux/libclang_rt.builtins-aarch64-android.a -l:libunwind.a -ldl /data/user/0/aidepro.top/files/framework/android-sdk/ndk/24.0.8215888/toolchains/llvm/prebuilt/linux-aarch64/sysroot/usr/lib/aarch64-linux-android/21/crtend_android.o



Parsed CXX implicit include dir info from above output: rv=done
  found start of include info
  found start of implicit include info
    add: [/data/user/0/aidepro.top/files/framework/android-sdk/ndk/24.0.8215888/toolchains/llvm/prebuilt/linux-aarch64/sysroot/usr/include/c++/v1]
    add: [/data/user/0/aidepro.top/files/framework/android-sdk/ndk/24.0.8215888/toolchains/llvm/prebuilt/linux-aarch64/lib64/clang/14.0.1/include]
    add: [/data/user/0/aidepro.top/files/framework/android-sdk/ndk/24.0.8215888/toolchains/llvm/prebuilt/linux-aarch64/sysroot/usr/local/include]
    add: [/data/user/0/aidepro.top/files/framework/android-sdk/ndk/24.0.8215888/toolchains/llvm/prebuilt/linux-aarch64/sysroot/usr/include/aarch64-linux-android]
    add: [/data/user/0/aidepro.top/files/framework/android-sdk/ndk/24.0.8215888/toolchains/llvm/prebuilt/linux-aarch64/sysroot/usr/include]
  end of search list found
  collapse include dir [/data/user/0/aidepro.top/files/framework/android-sdk/ndk/24.0.8215888/toolchains/llvm/prebuilt/linux-aarch64/sysroot/usr/include/c++/v1] ==> [/data/user/0/aidepro.top/files/framework/android-sdk/ndk/24.0.8215888/toolchains/llvm/prebuilt/linux-aarch64/sysroot/usr/include/c++/v1]
  collapse include dir [/data/user/0/aidepro.top/files/framework/android-sdk/ndk/24.0.8215888/toolchains/llvm/prebuilt/linux-aarch64/lib64/clang/14.0.1/include] ==> [/data/user/0/aidepro.top/files/framework/android-sdk/ndk/24.0.8215888/toolchains/llvm/prebuilt/linux-aarch64/lib64/clang/14.0.1/include]
  collapse include dir [/data/user/0/aidepro.top/files/framework/android-sdk/ndk/24.0.8215888/toolchains/llvm/prebuilt/linux-aarch64/sysroot/usr/local/include] ==> [/data/user/0/aidepro.top/files/framework/android-sdk/ndk/24.0.8215888/toolchains/llvm/prebuilt/linux-aarch64/sysroot/usr/local/include]
  collapse include dir [/data/user/0/aidepro.top/files/framework/android-sdk/ndk/24.0.8215888/toolchains/llvm/prebuilt/linux-aarch64/sysroot/usr/include/aarch64-linux-android] ==> [/data/user/0/aidepro.top/files/framework/android-sdk/ndk/24.0.8215888/toolchains/llvm/prebuilt/linux-aarch64/sysroot/usr/include/aarch64-linux-android]
  collapse include dir [/data/user/0/aidepro.top/files/framework/android-sdk/ndk/24.0.8215888/toolchains/llvm/prebuilt/linux-aarch64/sysroot/usr/include] ==> [/data/user/0/aidepro.top/files/framework/android-sdk/ndk/24.0.8215888/toolchains/llvm/prebuilt/linux-aarch64/sysroot/usr/include]
  implicit include dirs: [/data/user/0/aidepro.top/files/framework/android-sdk/ndk/24.0.8215888/toolchains/llvm/prebuilt/linux-aarch64/sysroot/usr/include/c++/v1;/data/user/0/aidepro.top/files/framework/android-sdk/ndk/24.0.8215888/toolchains/llvm/prebuilt/linux-aarch64/lib64/clang/14.0.1/include;/data/user/0/aidepro.top/files/framework/android-sdk/ndk/24.0.8215888/toolchains/llvm/prebuilt/linux-aarch64/sysroot/usr/local/include;/data/user/0/aidepro.top/files/framework/android-sdk/ndk/24.0.8215888/toolchains/llvm/prebuilt/linux-aarch64/sysroot/usr/include/aarch64-linux-android;/data/user/0/aidepro.top/files/framework/android-sdk/ndk/24.0.8215888/toolchains/llvm/prebuilt/linux-aarch64/sysroot/usr/include]


Parsed CXX implicit link information from above output:
  link line regex: [^( *|.*[/\])(ld\.lld|CMAKE_LINK_STARTFILE-NOTFOUND|([^/\]+-)?ld|collect2)[^/\]*( |$)]
  ignore line: [Change Dir: /storage/emulated/0/AideProjects/imgui_test/app/.cxx/Debug/294b1oj2/arm64-v8a/CMakeFiles/CMakeTmp]
  ignore line: []
  ignore line: [Run Build Command(s):/data/user/0/aidepro.top/files/framework/android-sdk/cmake/bin/ninja cmTC_23830 && [1/2] Building CXX object CMakeFiles/cmTC_23830.dir/CMakeCXXCompilerABI.cpp.o]
  ignore line: [Android (8075178  based on r437112b) clang version 14.0.1 (https://android.googlesource.com/toolchain/llvm-project)]
  ignore line: [Target: aarch64-none-linux-android21]
  ignore line: [Thread model: posix]
  ignore line: [InstalledDir: /data/user/0/aidepro.top/files/framework/android-sdk/ndk/24.0.8215888/toolchains/llvm/prebuilt/linux-aarch64/bin]
  ignore line: [ (in-process)]
  ignore line: [ "/data/user/0/aidepro.top/files/framework/android-sdk/ndk/24.0.8215888/toolchains/llvm/prebuilt/linux-aarch64/bin/clang++" -cc1 -triple aarch64-none-linux-android21 -emit-obj -mrelax-all --mrelax-relocations -mnoexecstack -disable-free -disable-llvm-verifier -discard-value-names -main-file-name CMakeCXXCompilerABI.cpp -mrelocation-model pic -pic-level 2 -pic-is-pie -mframe-pointer=non-leaf -fno-rounding-math -mconstructor-aliases -munwind-tables -target-cpu generic -target-feature +neon -target-abi aapcs -mllvm -aarch64-fix-cortex-a53-835769=1 -fallow-half-arguments-and-returns -debug-info-kind=constructor -dwarf-version=4 -debugger-tuning=gdb -v -ffunction-sections -fdata-sections -fcoverage-compilation-dir=/storage/emulated/0/AideProjects/imgui_test/app/.cxx/Debug/294b1oj2/arm64-v8a/CMakeFiles/CMakeTmp -resource-dir /data/user/0/aidepro.top/files/framework/android-sdk/ndk/24.0.8215888/toolchains/llvm/prebuilt/linux-aarch64/lib64/clang/14.0.1 -D ANDROID -D _FORTIFY_SOURCE=2 -isysroot /data/user/0/aidepro.top/files/framework/android-sdk/ndk/24.0.8215888/toolchains/llvm/prebuilt/linux-aarch64/sysroot -internal-isystem /data/user/0/aidepro.top/files/framework/android-sdk/ndk/24.0.8215888/toolchains/llvm/prebuilt/linux-aarch64/sysroot/usr/include/c++/v1 -internal-isystem /data/user/0/aidepro.top/files/framework/android-sdk/ndk/24.0.8215888/toolchains/llvm/prebuilt/linux-aarch64/lib64/clang/14.0.1/include -internal-isystem /data/user/0/aidepro.top/files/framework/android-sdk/ndk/24.0.8215888/toolchains/llvm/prebuilt/linux-aarch64/sysroot/usr/local/include -internal-externc-isystem /data/user/0/aidepro.top/files/framework/android-sdk/ndk/24.0.8215888/toolchains/llvm/prebuilt/linux-aarch64/sysroot/usr/include/aarch64-linux-android -internal-externc-isystem /data/user/0/aidepro.top/files/framework/android-sdk/ndk/24.0.8215888/toolchains/llvm/prebuilt/linux-aarch64/sysroot/include -internal-externc-isystem /data/user/0/aidepro.top/files/framework/android-sdk/ndk/24.0.8215888/toolchains/llvm/prebuilt/linux-aarch64/sysroot/usr/include -Wformat -fdeprecated-macro -fdebug-compilation-dir=/storage/emulated/0/AideProjects/imgui_test/app/.cxx/Debug/294b1oj2/arm64-v8a/CMakeFiles/CMakeTmp -ferror-limit 19 -stack-protector 2 -fno-signed-char -fgnuc-version=4.2.1 -fcxx-exceptions -fexceptions -target-feature +outline-atomics -D__GCC_HAVE_DWARF2_CFI_ASM=1 -o CMakeFiles/cmTC_23830.dir/CMakeCXXCompilerABI.cpp.o -x c++ /data/user/0/aidepro.top/files/framework/android-sdk/cmake/share/cmake-3.17/Modules/CMakeCXXCompilerABI.cpp]
  ignore line: [clang -cc1 version 14.0.1 based upon LLVM 14.0.1git default target aarch64-linux-android21]
  ignore line: [ignoring nonexistent directory "/data/user/0/aidepro.top/files/framework/android-sdk/ndk/24.0.8215888/toolchains/llvm/prebuilt/linux-aarch64/sysroot/include"]
  ignore line: [#include "..." search starts here:]
  ignore line: [#include <...> search starts here:]
  ignore line: [ /data/user/0/aidepro.top/files/framework/android-sdk/ndk/24.0.8215888/toolchains/llvm/prebuilt/linux-aarch64/sysroot/usr/include/c++/v1]
  ignore line: [ /data/user/0/aidepro.top/files/framework/android-sdk/ndk/24.0.8215888/toolchains/llvm/prebuilt/linux-aarch64/lib64/clang/14.0.1/include]
  ignore line: [ /data/user/0/aidepro.top/files/framework/android-sdk/ndk/24.0.8215888/toolchains/llvm/prebuilt/linux-aarch64/sysroot/usr/local/include]
  ignore line: [ /data/user/0/aidepro.top/files/framework/android-sdk/ndk/24.0.8215888/toolchains/llvm/prebuilt/linux-aarch64/sysroot/usr/include/aarch64-linux-android]
  ignore line: [ /data/user/0/aidepro.top/files/framework/android-sdk/ndk/24.0.8215888/toolchains/llvm/prebuilt/linux-aarch64/sysroot/usr/include]
  ignore line: [End of search list.]
  ignore line: [[2/2] Linking CXX executable cmTC_23830]
  ignore line: [Android (8075178  based on r437112b) clang version 14.0.1 (https://android.googlesource.com/toolchain/llvm-project)]
  ignore line: [Target: aarch64-none-linux-android21]
  ignore line: [Thread model: posix]
  ignore line: [InstalledDir: /data/user/0/aidepro.top/files/framework/android-sdk/ndk/24.0.8215888/toolchains/llvm/prebuilt/linux-aarch64/bin]
  link line: [ "/data/user/0/aidepro.top/files/framework/android-sdk/ndk/24.0.8215888/toolchains/llvm/prebuilt/linux-aarch64/bin/ld" --sysroot=/data/user/0/aidepro.top/files/framework/android-sdk/ndk/24.0.8215888/toolchains/llvm/prebuilt/linux-aarch64/sysroot -pie -z noexecstack -EL --fix-cortex-a53-843419 --warn-shared-textrel -z now -z relro -z max-page-size=4096 --hash-style=both --enable-new-dtags --eh-frame-hdr -m aarch64linux -dynamic-linker /system/bin/linker64 -o cmTC_23830 /data/user/0/aidepro.top/files/framework/android-sdk/ndk/24.0.8215888/toolchains/llvm/prebuilt/linux-aarch64/sysroot/usr/lib/aarch64-linux-android/21/crtbegin_dynamic.o -L/data/user/0/aidepro.top/files/framework/android-sdk/ndk/24.0.8215888/toolchains/llvm/prebuilt/linux-aarch64/lib64/clang/14.0.1/lib/linux/aarch64 -L/data/user/0/aidepro.top/files/framework/android-sdk/ndk/24.0.8215888/toolchains/llvm/prebuilt/linux-aarch64/sysroot/usr/lib/aarch64-linux-android/21 -L/data/user/0/aidepro.top/files/framework/android-sdk/ndk/24.0.8215888/toolchains/llvm/prebuilt/linux-aarch64/sysroot/usr/lib/aarch64-linux-android -L/data/user/0/aidepro.top/files/framework/android-sdk/ndk/24.0.8215888/toolchains/llvm/prebuilt/linux-aarch64/sysroot/usr/lib --build-id=sha1 --no-rosegment --fatal-warnings --no-undefined --gc-sections CMakeFiles/cmTC_23830.dir/CMakeCXXCompilerABI.cpp.o -Bstatic -lc++ -Bdynamic -lm /data/user/0/aidepro.top/files/framework/android-sdk/ndk/24.0.8215888/toolchains/llvm/prebuilt/linux-aarch64/lib64/clang/14.0.1/lib/linux/libclang_rt.builtins-aarch64-android.a -l:libunwind.a -ldl -lc /data/user/0/aidepro.top/files/framework/android-sdk/ndk/24.0.8215888/toolchains/llvm/prebuilt/linux-aarch64/lib64/clang/14.0.1/lib/linux/libclang_rt.builtins-aarch64-android.a -l:libunwind.a -ldl /data/user/0/aidepro.top/files/framework/android-sdk/ndk/24.0.8215888/toolchains/llvm/prebuilt/linux-aarch64/sysroot/usr/lib/aarch64-linux-android/21/crtend_android.o]
    arg [/data/user/0/aidepro.top/files/framework/android-sdk/ndk/24.0.8215888/toolchains/llvm/prebuilt/linux-aarch64/bin/ld] ==> ignore
    arg [--sysroot=/data/user/0/aidepro.top/files/framework/android-sdk/ndk/24.0.8215888/toolchains/llvm/prebuilt/linux-aarch64/sysroot] ==> ignore
    arg [-pie] ==> ignore
    arg [-znoexecstack] ==> ignore
    arg [-EL] ==> ignore
    arg [--fix-cortex-a53-843419] ==> ignore
    arg [--warn-shared-textrel] ==> ignore
    arg [-znow] ==> ignore
    arg [-zrelro] ==> ignore
    arg [-zmax-page-size=4096] ==> ignore
    arg [--hash-style=both] ==> ignore
    arg [--enable-new-dtags] ==> ignore
    arg [--eh-frame-hdr] ==> ignore
    arg [-m] ==> ignore
    arg [aarch64linux] ==> ignore
    arg [-dynamic-linker] ==> ignore
    arg [/system/bin/linker64] ==> ignore
    arg [-o] ==> ignore
    arg [cmTC_23830] ==> ignore
    arg [/data/user/0/aidepro.top/files/framework/android-sdk/ndk/24.0.8215888/toolchains/llvm/prebuilt/linux-aarch64/sysroot/usr/lib/aarch64-linux-android/21/crtbegin_dynamic.o] ==> ignore
    arg [-L/data/user/0/aidepro.top/files/framework/android-sdk/ndk/24.0.8215888/toolchains/llvm/prebuilt/linux-aarch64/lib64/clang/14.0.1/lib/linux/aarch64] ==> dir [/data/user/0/aidepro.top/files/framework/android-sdk/ndk/24.0.8215888/toolchains/llvm/prebuilt/linux-aarch64/lib64/clang/14.0.1/lib/linux/aarch64]
    arg [-L/data/user/0/aidepro.top/files/framework/android-sdk/ndk/24.0.8215888/toolchains/llvm/prebuilt/linux-aarch64/sysroot/usr/lib/aarch64-linux-android/21] ==> dir [/data/user/0/aidepro.top/files/framework/android-sdk/ndk/24.0.8215888/toolchains/llvm/prebuilt/linux-aarch64/sysroot/usr/lib/aarch64-linux-android/21]
    arg [-L/data/user/0/aidepro.top/files/framework/android-sdk/ndk/24.0.8215888/toolchains/llvm/prebuilt/linux-aarch64/sysroot/usr/lib/aarch64-linux-android] ==> dir [/data/user/0/aidepro.top/files/framework/android-sdk/ndk/24.0.8215888/toolchains/llvm/prebuilt/linux-aarch64/sysroot/usr/lib/aarch64-linux-android]
    arg [-L/data/user/0/aidepro.top/files/framework/android-sdk/ndk/24.0.8215888/toolchains/llvm/prebuilt/linux-aarch64/sysroot/usr/lib] ==> dir [/data/user/0/aidepro.top/files/framework/android-sdk/ndk/24.0.8215888/toolchains/llvm/prebuilt/linux-aarch64/sysroot/usr/lib]
    arg [--build-id=sha1] ==> ignore
    arg [--no-rosegment] ==> ignore
    arg [--fatal-warnings] ==> ignore
    arg [--no-undefined] ==> ignore
    arg [--gc-sections] ==> ignore
    arg [CMakeFiles/cmTC_23830.dir/CMakeCXXCompilerABI.cpp.o] ==> ignore
    arg [-Bstatic] ==> ignore
    arg [-lc++] ==> lib [c++]
    arg [-Bdynamic] ==> ignore
    arg [-lm] ==> lib [m]
    arg [/data/user/0/aidepro.top/files/framework/android-sdk/ndk/24.0.8215888/toolchains/llvm/prebuilt/linux-aarch64/lib64/clang/14.0.1/lib/linux/libclang_rt.builtins-aarch64-android.a] ==> lib [/data/user/0/aidepro.top/files/framework/android-sdk/ndk/24.0.8215888/toolchains/llvm/prebuilt/linux-aarch64/lib64/clang/14.0.1/lib/linux/libclang_rt.builtins-aarch64-android.a]
    arg [-l:libunwind.a] ==> lib [-l:libunwind.a]
    arg [-ldl] ==> lib [dl]
    arg [-lc] ==> lib [c]
    arg [/data/user/0/aidepro.top/files/framework/android-sdk/ndk/24.0.8215888/toolchains/llvm/prebuilt/linux-aarch64/lib64/clang/14.0.1/lib/linux/libclang_rt.builtins-aarch64-android.a] ==> lib [/data/user/0/aidepro.top/files/framework/android-sdk/ndk/24.0.8215888/toolchains/llvm/prebuilt/linux-aarch64/lib64/clang/14.0.1/lib/linux/libclang_rt.builtins-aarch64-android.a]
    arg [-l:libunwind.a] ==> lib [-l:libunwind.a]
    arg [-ldl] ==> lib [dl]
    arg [/data/user/0/aidepro.top/files/framework/android-sdk/ndk/24.0.8215888/toolchains/llvm/prebuilt/linux-aarch64/sysroot/usr/lib/aarch64-linux-android/21/crtend_android.o] ==> ignore
  remove lib [/data/user/0/aidepro.top/files/framework/android-sdk/ndk/24.0.8215888/toolchains/llvm/prebuilt/linux-aarch64/lib64/clang/14.0.1/lib/linux/libclang_rt.builtins-aarch64-android.a]
  remove lib [/data/user/0/aidepro.top/files/framework/android-sdk/ndk/24.0.8215888/toolchains/llvm/prebuilt/linux-aarch64/lib64/clang/14.0.1/lib/linux/libclang_rt.builtins-aarch64-android.a]
  collapse library dir [/data/user/0/aidepro.top/files/framework/android-sdk/ndk/24.0.8215888/toolchains/llvm/prebuilt/linux-aarch64/lib64/clang/14.0.1/lib/linux/aarch64] ==> [/data/user/0/aidepro.top/files/framework/android-sdk/ndk/24.0.8215888/toolchains/llvm/prebuilt/linux-aarch64/lib64/clang/14.0.1/lib/linux/aarch64]
  collapse library dir [/data/user/0/aidepro.top/files/framework/android-sdk/ndk/24.0.8215888/toolchains/llvm/prebuilt/linux-aarch64/sysroot/usr/lib/aarch64-linux-android/21] ==> [/data/user/0/aidepro.top/files/framework/android-sdk/ndk/24.0.8215888/toolchains/llvm/prebuilt/linux-aarch64/sysroot/usr/lib/aarch64-linux-android/21]
  collapse library dir [/data/user/0/aidepro.top/files/framework/android-sdk/ndk/24.0.8215888/toolchains/llvm/prebuilt/linux-aarch64/sysroot/usr/lib/aarch64-linux-android] ==> [/data/user/0/aidepro.top/files/framework/android-sdk/ndk/24.0.8215888/toolchains/llvm/prebuilt/linux-aarch64/sysroot/usr/lib/aarch64-linux-android]
  collapse library dir [/data/user/0/aidepro.top/files/framework/android-sdk/ndk/24.0.8215888/toolchains/llvm/prebuilt/linux-aarch64/sysroot/usr/lib] ==> [/data/user/0/aidepro.top/files/framework/android-sdk/ndk/24.0.8215888/toolchains/llvm/prebuilt/linux-aarch64/sysroot/usr/lib]
  implicit libs: [c++;m;-l:libunwind.a;dl;c;-l:libunwind.a;dl]
  implicit dirs: [/data/user/0/aidepro.top/files/framework/android-sdk/ndk/24.0.8215888/toolchains/llvm/prebuilt/linux-aarch64/lib64/clang/14.0.1/lib/linux/aarch64;/data/user/0/aidepro.top/files/framework/android-sdk/ndk/24.0.8215888/toolchains/llvm/prebuilt/linux-aarch64/sysroot/usr/lib/aarch64-linux-android/21;/data/user/0/aidepro.top/files/framework/android-sdk/ndk/24.0.8215888/toolchains/llvm/prebuilt/linux-aarch64/sysroot/usr/lib/aarch64-linux-android;/data/user/0/aidepro.top/files/framework/android-sdk/ndk/24.0.8215888/toolchains/llvm/prebuilt/linux-aarch64/sysroot/usr/lib]
  implicit fwks: []


