The target system is: Android - 1 - armv7-a
The host system is: Android - 5.4.259-qgki-ged646d0948ab-dirty - aarch64
Determining if the C compiler works passed with the following output:
Change Dir: /storage/emulated/0/AideProjects/imgui_test/app/.cxx/Debug/294b1oj2/armeabi-v7a/CMakeFiles/CMakeTmp

Run Build Command(s):/data/user/0/aidepro.top/files/framework/android-sdk/cmake/bin/ninja cmTC_7c536 && [1/2] Building C object CMakeFiles/cmTC_7c536.dir/testCCompiler.c.o
[2/2] Linking C executable cmTC_7c536



Detecting C compiler ABI info compiled with the following output:
Change Dir: /storage/emulated/0/AideProjects/imgui_test/app/.cxx/Debug/294b1oj2/armeabi-v7a/CMakeFiles/CMakeTmp

Run Build Command(s):/data/user/0/aidepro.top/files/framework/android-sdk/cmake/bin/ninja cmTC_e0f00 && [1/2] Building C object CMakeFiles/cmTC_e0f00.dir/CMakeCCompilerABI.c.o
Android (8075178, based on r437112b) clang version 14.0.1 (https://android.googlesource.com/toolchain/llvm-project)
Target: armv7-none-linux-android19
Thread model: posix
InstalledDir: /data/user/0/aidepro.top/files/framework/android-sdk/ndk/24.0.8215888/toolchains/llvm/prebuilt/linux-aarch64/bin
 (in-process)
 "/data/user/0/aidepro.top/files/framework/android-sdk/ndk/24.0.8215888/toolchains/llvm/prebuilt/linux-aarch64/bin/clang" -cc1 -triple thumbv7-none-linux-android19 -emit-obj -mrelax-all --mrelax-relocations -mnoexecstack -disable-free -disable-llvm-verifier -discard-value-names -main-file-name CMakeCCompilerABI.c -mrelocation-model pic -pic-level 2 -pic-is-pie -mframe-pointer=all -fno-rounding-math -mconstructor-aliases -munwind-tables -target-cpu generic -target-feature +soft-float-abi -target-feature +vfp2 -target-feature +vfp2sp -target-feature +vfp3 -target-feature +vfp3d16 -target-feature +vfp3d16sp -target-feature +vfp3sp -target-feature -fp16 -target-feature -vfp4 -target-feature -vfp4d16 -target-feature -vfp4d16sp -target-feature -vfp4sp -target-feature -fp-armv8 -target-feature -fp-armv8d16 -target-feature -fp-armv8d16sp -target-feature -fp-armv8sp -target-feature -fullfp16 -target-feature +fp64 -target-feature +d32 -target-feature +neon -target-feature -sha2 -target-feature -aes -target-feature -fp16fml -target-abi aapcs-linux -mfloat-abi soft -fallow-half-arguments-and-returns -debug-info-kind=constructor -dwarf-version=4 -debugger-tuning=gdb -v -ffunction-sections -fdata-sections -fcoverage-compilation-dir=/storage/emulated/0/AideProjects/imgui_test/app/.cxx/Debug/294b1oj2/armeabi-v7a/CMakeFiles/CMakeTmp -resource-dir /data/user/0/aidepro.top/files/framework/android-sdk/ndk/24.0.8215888/toolchains/llvm/prebuilt/linux-aarch64/lib64/clang/14.0.1 -D ANDROID -D _FORTIFY_SOURCE=2 -isysroot /data/user/0/aidepro.top/files/framework/android-sdk/ndk/24.0.8215888/toolchains/llvm/prebuilt/linux-aarch64/sysroot -internal-isystem /data/user/0/aidepro.top/files/framework/android-sdk/ndk/24.0.8215888/toolchains/llvm/prebuilt/linux-aarch64/lib64/clang/14.0.1/include -internal-isystem /data/user/0/aidepro.top/files/framework/android-sdk/ndk/24.0.8215888/toolchains/llvm/prebuilt/linux-aarch64/sysroot/usr/local/include -internal-externc-isystem /data/user/0/aidepro.top/files/framework/android-sdk/ndk/24.0.8215888/toolchains/llvm/prebuilt/linux-aarch64/sysroot/usr/include/arm-linux-androideabi -internal-externc-isystem /data/user/0/aidepro.top/files/framework/android-sdk/ndk/24.0.8215888/toolchains/llvm/prebuilt/linux-aarch64/sysroot/include -internal-externc-isystem /data/user/0/aidepro.top/files/framework/android-sdk/ndk/24.0.8215888/toolchains/llvm/prebuilt/linux-aarch64/sysroot/usr/include -Wformat -fdebug-compilation-dir=/storage/emulated/0/AideProjects/imgui_test/app/.cxx/Debug/294b1oj2/armeabi-v7a/CMakeFiles/CMakeTmp -ferror-limit 19 -stack-protector 2 -fno-signed-char -fgnuc-version=4.2.1 -D__GCC_HAVE_DWARF2_CFI_ASM=1 -o CMakeFiles/cmTC_e0f00.dir/CMakeCCompilerABI.c.o -x c /data/user/0/aidepro.top/files/framework/android-sdk/cmake/share/cmake-3.17/Modules/CMakeCCompilerABI.c
clang -cc1 version 14.0.1 based upon LLVM 14.0.1git default target aarch64-linux-android21
ignoring nonexistent directory "/data/user/0/aidepro.top/files/framework/android-sdk/ndk/24.0.8215888/toolchains/llvm/prebuilt/linux-aarch64/sysroot/include"
#include "..." search starts here:
#include <...> search starts here:
 /data/user/0/aidepro.top/files/framework/android-sdk/ndk/24.0.8215888/toolchains/llvm/prebuilt/linux-aarch64/lib64/clang/14.0.1/include
 /data/user/0/aidepro.top/files/framework/android-sdk/ndk/24.0.8215888/toolchains/llvm/prebuilt/linux-aarch64/sysroot/usr/local/include
 /data/user/0/aidepro.top/files/framework/android-sdk/ndk/24.0.8215888/toolchains/llvm/prebuilt/linux-aarch64/sysroot/usr/include/arm-linux-androideabi
 /data/user/0/aidepro.top/files/framework/android-sdk/ndk/24.0.8215888/toolchains/llvm/prebuilt/linux-aarch64/sysroot/usr/include
End of search list.
[2/2] Linking C executable cmTC_e0f00
Android (8075178, based on r437112b) clang version 14.0.1 (https://android.googlesource.com/toolchain/llvm-project)
Target: armv7-none-linux-android19
Thread model: posix
InstalledDir: /data/user/0/aidepro.top/files/framework/android-sdk/ndk/24.0.8215888/toolchains/llvm/prebuilt/linux-aarch64/bin
 "/data/user/0/aidepro.top/files/framework/android-sdk/ndk/24.0.8215888/toolchains/llvm/prebuilt/linux-aarch64/bin/ld" --sysroot=/data/user/0/aidepro.top/files/framework/android-sdk/ndk/24.0.8215888/toolchains/llvm/prebuilt/linux-aarch64/sysroot -pie -z noexecstack -EL --warn-shared-textrel -z now -z relro -z max-page-size=4096 -X --hash-style=both --enable-new-dtags --eh-frame-hdr -m armelf_linux_eabi -dynamic-linker /system/bin/linker -o cmTC_e0f00 /data/user/0/aidepro.top/files/framework/android-sdk/ndk/24.0.8215888/toolchains/llvm/prebuilt/linux-aarch64/sysroot/usr/lib/arm-linux-androideabi/19/crtbegin_dynamic.o -L/data/user/0/aidepro.top/files/framework/android-sdk/ndk/24.0.8215888/toolchains/llvm/prebuilt/linux-aarch64/lib64/clang/14.0.1/lib/linux/arm -L/data/user/0/aidepro.top/files/framework/android-sdk/ndk/24.0.8215888/toolchains/llvm/prebuilt/linux-aarch64/sysroot/usr/lib/arm-linux-androideabi/19 -L/data/user/0/aidepro.top/files/framework/android-sdk/ndk/24.0.8215888/toolchains/llvm/prebuilt/linux-aarch64/sysroot/usr/lib/arm-linux-androideabi -L/data/user/0/aidepro.top/files/framework/android-sdk/ndk/24.0.8215888/toolchains/llvm/prebuilt/linux-aarch64/sysroot/usr/lib/../lib -L/data/user/0/aidepro.top/files/framework/android-sdk/ndk/24.0.8215888/toolchains/llvm/prebuilt/linux-aarch64/sysroot/usr/lib --build-id=sha1 --no-rosegment --fatal-warnings --no-undefined --gc-sections CMakeFiles/cmTC_e0f00.dir/CMakeCCompilerABI.c.o /data/user/0/aidepro.top/files/framework/android-sdk/ndk/24.0.8215888/toolchains/llvm/prebuilt/linux-aarch64/lib64/clang/14.0.1/lib/linux/libclang_rt.builtins-arm-android.a -l:libunwind.a -ldl -lc /data/user/0/aidepro.top/files/framework/android-sdk/ndk/24.0.8215888/toolchains/llvm/prebuilt/linux-aarch64/lib64/clang/14.0.1/lib/linux/libclang_rt.builtins-arm-android.a -l:libunwind.a -ldl /data/user/0/aidepro.top/files/framework/android-sdk/ndk/24.0.8215888/toolchains/llvm/prebuilt/linux-aarch64/sysroot/usr/lib/arm-linux-androideabi/19/crtend_android.o



Parsed C implicit include dir info from above output: rv=done
  found start of include info
  found start of implicit include info
    add: [/data/user/0/aidepro.top/files/framework/android-sdk/ndk/24.0.8215888/toolchains/llvm/prebuilt/linux-aarch64/lib64/clang/14.0.1/include]
    add: [/data/user/0/aidepro.top/files/framework/android-sdk/ndk/24.0.8215888/toolchains/llvm/prebuilt/linux-aarch64/sysroot/usr/local/include]
    add: [/data/user/0/aidepro.top/files/framework/android-sdk/ndk/24.0.8215888/toolchains/llvm/prebuilt/linux-aarch64/sysroot/usr/include/arm-linux-androideabi]
    add: [/data/user/0/aidepro.top/files/framework/android-sdk/ndk/24.0.8215888/toolchains/llvm/prebuilt/linux-aarch64/sysroot/usr/include]
  end of search list found
  collapse include dir [/data/user/0/aidepro.top/files/framework/android-sdk/ndk/24.0.8215888/toolchains/llvm/prebuilt/linux-aarch64/lib64/clang/14.0.1/include] ==> [/data/user/0/aidepro.top/files/framework/android-sdk/ndk/24.0.8215888/toolchains/llvm/prebuilt/linux-aarch64/lib64/clang/14.0.1/include]
  collapse include dir [/data/user/0/aidepro.top/files/framework/android-sdk/ndk/24.0.8215888/toolchains/llvm/prebuilt/linux-aarch64/sysroot/usr/local/include] ==> [/data/user/0/aidepro.top/files/framework/android-sdk/ndk/24.0.8215888/toolchains/llvm/prebuilt/linux-aarch64/sysroot/usr/local/include]
  collapse include dir [/data/user/0/aidepro.top/files/framework/android-sdk/ndk/24.0.8215888/toolchains/llvm/prebuilt/linux-aarch64/sysroot/usr/include/arm-linux-androideabi] ==> [/data/user/0/aidepro.top/files/framework/android-sdk/ndk/24.0.8215888/toolchains/llvm/prebuilt/linux-aarch64/sysroot/usr/include/arm-linux-androideabi]
  collapse include dir [/data/user/0/aidepro.top/files/framework/android-sdk/ndk/24.0.8215888/toolchains/llvm/prebuilt/linux-aarch64/sysroot/usr/include] ==> [/data/user/0/aidepro.top/files/framework/android-sdk/ndk/24.0.8215888/toolchains/llvm/prebuilt/linux-aarch64/sysroot/usr/include]
  implicit include dirs: [/data/user/0/aidepro.top/files/framework/android-sdk/ndk/24.0.8215888/toolchains/llvm/prebuilt/linux-aarch64/lib64/clang/14.0.1/include;/data/user/0/aidepro.top/files/framework/android-sdk/ndk/24.0.8215888/toolchains/llvm/prebuilt/linux-aarch64/sysroot/usr/local/include;/data/user/0/aidepro.top/files/framework/android-sdk/ndk/24.0.8215888/toolchains/llvm/prebuilt/linux-aarch64/sysroot/usr/include/arm-linux-androideabi;/data/user/0/aidepro.top/files/framework/android-sdk/ndk/24.0.8215888/toolchains/llvm/prebuilt/linux-aarch64/sysroot/usr/include]


Parsed C implicit link information from above output:
  link line regex: [^( *|.*[/\])(ld\.lld|CMAKE_LINK_STARTFILE-NOTFOUND|([^/\]+-)?ld|collect2)[^/\]*( |$)]
  ignore line: [Change Dir: /storage/emulated/0/AideProjects/imgui_test/app/.cxx/Debug/294b1oj2/armeabi-v7a/CMakeFiles/CMakeTmp]
  ignore line: []
  ignore line: [Run Build Command(s):/data/user/0/aidepro.top/files/framework/android-sdk/cmake/bin/ninja cmTC_e0f00 && [1/2] Building C object CMakeFiles/cmTC_e0f00.dir/CMakeCCompilerABI.c.o]
  ignore line: [Android (8075178  based on r437112b) clang version 14.0.1 (https://android.googlesource.com/toolchain/llvm-project)]
  ignore line: [Target: armv7-none-linux-android19]
  ignore line: [Thread model: posix]
  ignore line: [InstalledDir: /data/user/0/aidepro.top/files/framework/android-sdk/ndk/24.0.8215888/toolchains/llvm/prebuilt/linux-aarch64/bin]
  ignore line: [ (in-process)]
  ignore line: [ "/data/user/0/aidepro.top/files/framework/android-sdk/ndk/24.0.8215888/toolchains/llvm/prebuilt/linux-aarch64/bin/clang" -cc1 -triple thumbv7-none-linux-android19 -emit-obj -mrelax-all --mrelax-relocations -mnoexecstack -disable-free -disable-llvm-verifier -discard-value-names -main-file-name CMakeCCompilerABI.c -mrelocation-model pic -pic-level 2 -pic-is-pie -mframe-pointer=all -fno-rounding-math -mconstructor-aliases -munwind-tables -target-cpu generic -target-feature +soft-float-abi -target-feature +vfp2 -target-feature +vfp2sp -target-feature +vfp3 -target-feature +vfp3d16 -target-feature +vfp3d16sp -target-feature +vfp3sp -target-feature -fp16 -target-feature -vfp4 -target-feature -vfp4d16 -target-feature -vfp4d16sp -target-feature -vfp4sp -target-feature -fp-armv8 -target-feature -fp-armv8d16 -target-feature -fp-armv8d16sp -target-feature -fp-armv8sp -target-feature -fullfp16 -target-feature +fp64 -target-feature +d32 -target-feature +neon -target-feature -sha2 -target-feature -aes -target-feature -fp16fml -target-abi aapcs-linux -mfloat-abi soft -fallow-half-arguments-and-returns -debug-info-kind=constructor -dwarf-version=4 -debugger-tuning=gdb -v -ffunction-sections -fdata-sections -fcoverage-compilation-dir=/storage/emulated/0/AideProjects/imgui_test/app/.cxx/Debug/294b1oj2/armeabi-v7a/CMakeFiles/CMakeTmp -resource-dir /data/user/0/aidepro.top/files/framework/android-sdk/ndk/24.0.8215888/toolchains/llvm/prebuilt/linux-aarch64/lib64/clang/14.0.1 -D ANDROID -D _FORTIFY_SOURCE=2 -isysroot /data/user/0/aidepro.top/files/framework/android-sdk/ndk/24.0.8215888/toolchains/llvm/prebuilt/linux-aarch64/sysroot -internal-isystem /data/user/0/aidepro.top/files/framework/android-sdk/ndk/24.0.8215888/toolchains/llvm/prebuilt/linux-aarch64/lib64/clang/14.0.1/include -internal-isystem /data/user/0/aidepro.top/files/framework/android-sdk/ndk/24.0.8215888/toolchains/llvm/prebuilt/linux-aarch64/sysroot/usr/local/include -internal-externc-isystem /data/user/0/aidepro.top/files/framework/android-sdk/ndk/24.0.8215888/toolchains/llvm/prebuilt/linux-aarch64/sysroot/usr/include/arm-linux-androideabi -internal-externc-isystem /data/user/0/aidepro.top/files/framework/android-sdk/ndk/24.0.8215888/toolchains/llvm/prebuilt/linux-aarch64/sysroot/include -internal-externc-isystem /data/user/0/aidepro.top/files/framework/android-sdk/ndk/24.0.8215888/toolchains/llvm/prebuilt/linux-aarch64/sysroot/usr/include -Wformat -fdebug-compilation-dir=/storage/emulated/0/AideProjects/imgui_test/app/.cxx/Debug/294b1oj2/armeabi-v7a/CMakeFiles/CMakeTmp -ferror-limit 19 -stack-protector 2 -fno-signed-char -fgnuc-version=4.2.1 -D__GCC_HAVE_DWARF2_CFI_ASM=1 -o CMakeFiles/cmTC_e0f00.dir/CMakeCCompilerABI.c.o -x c /data/user/0/aidepro.top/files/framework/android-sdk/cmake/share/cmake-3.17/Modules/CMakeCCompilerABI.c]
  ignore line: [clang -cc1 version 14.0.1 based upon LLVM 14.0.1git default target aarch64-linux-android21]
  ignore line: [ignoring nonexistent directory "/data/user/0/aidepro.top/files/framework/android-sdk/ndk/24.0.8215888/toolchains/llvm/prebuilt/linux-aarch64/sysroot/include"]
  ignore line: [#include "..." search starts here:]
  ignore line: [#include <...> search starts here:]
  ignore line: [ /data/user/0/aidepro.top/files/framework/android-sdk/ndk/24.0.8215888/toolchains/llvm/prebuilt/linux-aarch64/lib64/clang/14.0.1/include]
  ignore line: [ /data/user/0/aidepro.top/files/framework/android-sdk/ndk/24.0.8215888/toolchains/llvm/prebuilt/linux-aarch64/sysroot/usr/local/include]
  ignore line: [ /data/user/0/aidepro.top/files/framework/android-sdk/ndk/24.0.8215888/toolchains/llvm/prebuilt/linux-aarch64/sysroot/usr/include/arm-linux-androideabi]
  ignore line: [ /data/user/0/aidepro.top/files/framework/android-sdk/ndk/24.0.8215888/toolchains/llvm/prebuilt/linux-aarch64/sysroot/usr/include]
  ignore line: [End of search list.]
  ignore line: [[2/2] Linking C executable cmTC_e0f00]
  ignore line: [Android (8075178  based on r437112b) clang version 14.0.1 (https://android.googlesource.com/toolchain/llvm-project)]
  ignore line: [Target: armv7-none-linux-android19]
  ignore line: [Thread model: posix]
  ignore line: [InstalledDir: /data/user/0/aidepro.top/files/framework/android-sdk/ndk/24.0.8215888/toolchains/llvm/prebuilt/linux-aarch64/bin]
  link line: [ "/data/user/0/aidepro.top/files/framework/android-sdk/ndk/24.0.8215888/toolchains/llvm/prebuilt/linux-aarch64/bin/ld" --sysroot=/data/user/0/aidepro.top/files/framework/android-sdk/ndk/24.0.8215888/toolchains/llvm/prebuilt/linux-aarch64/sysroot -pie -z noexecstack -EL --warn-shared-textrel -z now -z relro -z max-page-size=4096 -X --hash-style=both --enable-new-dtags --eh-frame-hdr -m armelf_linux_eabi -dynamic-linker /system/bin/linker -o cmTC_e0f00 /data/user/0/aidepro.top/files/framework/android-sdk/ndk/24.0.8215888/toolchains/llvm/prebuilt/linux-aarch64/sysroot/usr/lib/arm-linux-androideabi/19/crtbegin_dynamic.o -L/data/user/0/aidepro.top/files/framework/android-sdk/ndk/24.0.8215888/toolchains/llvm/prebuilt/linux-aarch64/lib64/clang/14.0.1/lib/linux/arm -L/data/user/0/aidepro.top/files/framework/android-sdk/ndk/24.0.8215888/toolchains/llvm/prebuilt/linux-aarch64/sysroot/usr/lib/arm-linux-androideabi/19 -L/data/user/0/aidepro.top/files/framework/android-sdk/ndk/24.0.8215888/toolchains/llvm/prebuilt/linux-aarch64/sysroot/usr/lib/arm-linux-androideabi -L/data/user/0/aidepro.top/files/framework/android-sdk/ndk/24.0.8215888/toolchains/llvm/prebuilt/linux-aarch64/sysroot/usr/lib/../lib -L/data/user/0/aidepro.top/files/framework/android-sdk/ndk/24.0.8215888/toolchains/llvm/prebuilt/linux-aarch64/sysroot/usr/lib --build-id=sha1 --no-rosegment --fatal-warnings --no-undefined --gc-sections CMakeFiles/cmTC_e0f00.dir/CMakeCCompilerABI.c.o /data/user/0/aidepro.top/files/framework/android-sdk/ndk/24.0.8215888/toolchains/llvm/prebuilt/linux-aarch64/lib64/clang/14.0.1/lib/linux/libclang_rt.builtins-arm-android.a -l:libunwind.a -ldl -lc /data/user/0/aidepro.top/files/framework/android-sdk/ndk/24.0.8215888/toolchains/llvm/prebuilt/linux-aarch64/lib64/clang/14.0.1/lib/linux/libclang_rt.builtins-arm-android.a -l:libunwind.a -ldl /data/user/0/aidepro.top/files/framework/android-sdk/ndk/24.0.8215888/toolchains/llvm/prebuilt/linux-aarch64/sysroot/usr/lib/arm-linux-androideabi/19/crtend_android.o]
    arg [/data/user/0/aidepro.top/files/framework/android-sdk/ndk/24.0.8215888/toolchains/llvm/prebuilt/linux-aarch64/bin/ld] ==> ignore
    arg [--sysroot=/data/user/0/aidepro.top/files/framework/android-sdk/ndk/24.0.8215888/toolchains/llvm/prebuilt/linux-aarch64/sysroot] ==> ignore
    arg [-pie] ==> ignore
    arg [-znoexecstack] ==> ignore
    arg [-EL] ==> ignore
    arg [--warn-shared-textrel] ==> ignore
    arg [-znow] ==> ignore
    arg [-zrelro] ==> ignore
    arg [-zmax-page-size=4096] ==> ignore
    arg [-X] ==> ignore
    arg [--hash-style=both] ==> ignore
    arg [--enable-new-dtags] ==> ignore
    arg [--eh-frame-hdr] ==> ignore
    arg [-m] ==> ignore
    arg [armelf_linux_eabi] ==> ignore
    arg [-dynamic-linker] ==> ignore
    arg [/system/bin/linker] ==> ignore
    arg [-o] ==> ignore
    arg [cmTC_e0f00] ==> ignore
    arg [/data/user/0/aidepro.top/files/framework/android-sdk/ndk/24.0.8215888/toolchains/llvm/prebuilt/linux-aarch64/sysroot/usr/lib/arm-linux-androideabi/19/crtbegin_dynamic.o] ==> ignore
    arg [-L/data/user/0/aidepro.top/files/framework/android-sdk/ndk/24.0.8215888/toolchains/llvm/prebuilt/linux-aarch64/lib64/clang/14.0.1/lib/linux/arm] ==> dir [/data/user/0/aidepro.top/files/framework/android-sdk/ndk/24.0.8215888/toolchains/llvm/prebuilt/linux-aarch64/lib64/clang/14.0.1/lib/linux/arm]
    arg [-L/data/user/0/aidepro.top/files/framework/android-sdk/ndk/24.0.8215888/toolchains/llvm/prebuilt/linux-aarch64/sysroot/usr/lib/arm-linux-androideabi/19] ==> dir [/data/user/0/aidepro.top/files/framework/android-sdk/ndk/24.0.8215888/toolchains/llvm/prebuilt/linux-aarch64/sysroot/usr/lib/arm-linux-androideabi/19]
    arg [-L/data/user/0/aidepro.top/files/framework/android-sdk/ndk/24.0.8215888/toolchains/llvm/prebuilt/linux-aarch64/sysroot/usr/lib/arm-linux-androideabi] ==> dir [/data/user/0/aidepro.top/files/framework/android-sdk/ndk/24.0.8215888/toolchains/llvm/prebuilt/linux-aarch64/sysroot/usr/lib/arm-linux-androideabi]
    arg [-L/data/user/0/aidepro.top/files/framework/android-sdk/ndk/24.0.8215888/toolchains/llvm/prebuilt/linux-aarch64/sysroot/usr/lib/../lib] ==> dir [/data/user/0/aidepro.top/files/framework/android-sdk/ndk/24.0.8215888/toolchains/llvm/prebuilt/linux-aarch64/sysroot/usr/lib/../lib]
    arg [-L/data/user/0/aidepro.top/files/framework/android-sdk/ndk/24.0.8215888/toolchains/llvm/prebuilt/linux-aarch64/sysroot/usr/lib] ==> dir [/data/user/0/aidepro.top/files/framework/android-sdk/ndk/24.0.8215888/toolchains/llvm/prebuilt/linux-aarch64/sysroot/usr/lib]
    arg [--build-id=sha1] ==> ignore
    arg [--no-rosegment] ==> ignore
    arg [--fatal-warnings] ==> ignore
    arg [--no-undefined] ==> ignore
    arg [--gc-sections] ==> ignore
    arg [CMakeFiles/cmTC_e0f00.dir/CMakeCCompilerABI.c.o] ==> ignore
    arg [/data/user/0/aidepro.top/files/framework/android-sdk/ndk/24.0.8215888/toolchains/llvm/prebuilt/linux-aarch64/lib64/clang/14.0.1/lib/linux/libclang_rt.builtins-arm-android.a] ==> lib [/data/user/0/aidepro.top/files/framework/android-sdk/ndk/24.0.8215888/toolchains/llvm/prebuilt/linux-aarch64/lib64/clang/14.0.1/lib/linux/libclang_rt.builtins-arm-android.a]
    arg [-l:libunwind.a] ==> lib [-l:libunwind.a]
    arg [-ldl] ==> lib [dl]
    arg [-lc] ==> lib [c]
    arg [/data/user/0/aidepro.top/files/framework/android-sdk/ndk/24.0.8215888/toolchains/llvm/prebuilt/linux-aarch64/lib64/clang/14.0.1/lib/linux/libclang_rt.builtins-arm-android.a] ==> lib [/data/user/0/aidepro.top/files/framework/android-sdk/ndk/24.0.8215888/toolchains/llvm/prebuilt/linux-aarch64/lib64/clang/14.0.1/lib/linux/libclang_rt.builtins-arm-android.a]
    arg [-l:libunwind.a] ==> lib [-l:libunwind.a]
    arg [-ldl] ==> lib [dl]
    arg [/data/user/0/aidepro.top/files/framework/android-sdk/ndk/24.0.8215888/toolchains/llvm/prebuilt/linux-aarch64/sysroot/usr/lib/arm-linux-androideabi/19/crtend_android.o] ==> ignore
  remove lib [/data/user/0/aidepro.top/files/framework/android-sdk/ndk/24.0.8215888/toolchains/llvm/prebuilt/linux-aarch64/lib64/clang/14.0.1/lib/linux/libclang_rt.builtins-arm-android.a]
  remove lib [/data/user/0/aidepro.top/files/framework/android-sdk/ndk/24.0.8215888/toolchains/llvm/prebuilt/linux-aarch64/lib64/clang/14.0.1/lib/linux/libclang_rt.builtins-arm-android.a]
  collapse library dir [/data/user/0/aidepro.top/files/framework/android-sdk/ndk/24.0.8215888/toolchains/llvm/prebuilt/linux-aarch64/lib64/clang/14.0.1/lib/linux/arm] ==> [/data/user/0/aidepro.top/files/framework/android-sdk/ndk/24.0.8215888/toolchains/llvm/prebuilt/linux-aarch64/lib64/clang/14.0.1/lib/linux/arm]
  collapse library dir [/data/user/0/aidepro.top/files/framework/android-sdk/ndk/24.0.8215888/toolchains/llvm/prebuilt/linux-aarch64/sysroot/usr/lib/arm-linux-androideabi/19] ==> [/data/user/0/aidepro.top/files/framework/android-sdk/ndk/24.0.8215888/toolchains/llvm/prebuilt/linux-aarch64/sysroot/usr/lib/arm-linux-androideabi/19]
  collapse library dir [/data/user/0/aidepro.top/files/framework/android-sdk/ndk/24.0.8215888/toolchains/llvm/prebuilt/linux-aarch64/sysroot/usr/lib/arm-linux-androideabi] ==> [/data/user/0/aidepro.top/files/framework/android-sdk/ndk/24.0.8215888/toolchains/llvm/prebuilt/linux-aarch64/sysroot/usr/lib/arm-linux-androideabi]
  collapse library dir [/data/user/0/aidepro.top/files/framework/android-sdk/ndk/24.0.8215888/toolchains/llvm/prebuilt/linux-aarch64/sysroot/usr/lib/../lib] ==> [/data/user/0/aidepro.top/files/framework/android-sdk/ndk/24.0.8215888/toolchains/llvm/prebuilt/linux-aarch64/sysroot/usr/lib]
  collapse library dir [/data/user/0/aidepro.top/files/framework/android-sdk/ndk/24.0.8215888/toolchains/llvm/prebuilt/linux-aarch64/sysroot/usr/lib] ==> [/data/user/0/aidepro.top/files/framework/android-sdk/ndk/24.0.8215888/toolchains/llvm/prebuilt/linux-aarch64/sysroot/usr/lib]
  implicit libs: [-l:libunwind.a;dl;c;-l:libunwind.a;dl]
  implicit dirs: [/data/user/0/aidepro.top/files/framework/android-sdk/ndk/24.0.8215888/toolchains/llvm/prebuilt/linux-aarch64/lib64/clang/14.0.1/lib/linux/arm;/data/user/0/aidepro.top/files/framework/android-sdk/ndk/24.0.8215888/toolchains/llvm/prebuilt/linux-aarch64/sysroot/usr/lib/arm-linux-androideabi/19;/data/user/0/aidepro.top/files/framework/android-sdk/ndk/24.0.8215888/toolchains/llvm/prebuilt/linux-aarch64/sysroot/usr/lib/arm-linux-androideabi;/data/user/0/aidepro.top/files/framework/android-sdk/ndk/24.0.8215888/toolchains/llvm/prebuilt/linux-aarch64/sysroot/usr/lib]
  implicit fwks: []


Determining if the CXX compiler works passed with the following output:
Change Dir: /storage/emulated/0/AideProjects/imgui_test/app/.cxx/Debug/294b1oj2/armeabi-v7a/CMakeFiles/CMakeTmp

Run Build Command(s):/data/user/0/aidepro.top/files/framework/android-sdk/cmake/bin/ninja cmTC_704a1 && [1/2] Building CXX object CMakeFiles/cmTC_704a1.dir/testCXXCompiler.cxx.o
[2/2] Linking CXX executable cmTC_704a1



Detecting CXX compiler ABI info compiled with the following output:
Change Dir: /storage/emulated/0/AideProjects/imgui_test/app/.cxx/Debug/294b1oj2/armeabi-v7a/CMakeFiles/CMakeTmp

Run Build Command(s):/data/user/0/aidepro.top/files/framework/android-sdk/cmake/bin/ninja cmTC_d4e9e && [1/2] Building CXX object CMakeFiles/cmTC_d4e9e.dir/CMakeCXXCompilerABI.cpp.o
Android (8075178, based on r437112b) clang version 14.0.1 (https://android.googlesource.com/toolchain/llvm-project)
Target: armv7-none-linux-android19
Thread model: posix
InstalledDir: /data/user/0/aidepro.top/files/framework/android-sdk/ndk/24.0.8215888/toolchains/llvm/prebuilt/linux-aarch64/bin
 (in-process)
 "/data/user/0/aidepro.top/files/framework/android-sdk/ndk/24.0.8215888/toolchains/llvm/prebuilt/linux-aarch64/bin/clang++" -cc1 -triple thumbv7-none-linux-android19 -emit-obj -mrelax-all --mrelax-relocations -mnoexecstack -disable-free -disable-llvm-verifier -discard-value-names -main-file-name CMakeCXXCompilerABI.cpp -mrelocation-model pic -pic-level 2 -pic-is-pie -mframe-pointer=all -fno-rounding-math -mconstructor-aliases -munwind-tables -target-cpu generic -target-feature +soft-float-abi -target-feature +vfp2 -target-feature +vfp2sp -target-feature +vfp3 -target-feature +vfp3d16 -target-feature +vfp3d16sp -target-feature +vfp3sp -target-feature -fp16 -target-feature -vfp4 -target-feature -vfp4d16 -target-feature -vfp4d16sp -target-feature -vfp4sp -target-feature -fp-armv8 -target-feature -fp-armv8d16 -target-feature -fp-armv8d16sp -target-feature -fp-armv8sp -target-feature -fullfp16 -target-feature +fp64 -target-feature +d32 -target-feature +neon -target-feature -sha2 -target-feature -aes -target-feature -fp16fml -target-abi aapcs-linux -mfloat-abi soft -fallow-half-arguments-and-returns -debug-info-kind=constructor -dwarf-version=4 -debugger-tuning=gdb -v -ffunction-sections -fdata-sections -fcoverage-compilation-dir=/storage/emulated/0/AideProjects/imgui_test/app/.cxx/Debug/294b1oj2/armeabi-v7a/CMakeFiles/CMakeTmp -resource-dir /data/user/0/aidepro.top/files/framework/android-sdk/ndk/24.0.8215888/toolchains/llvm/prebuilt/linux-aarch64/lib64/clang/14.0.1 -D ANDROID -D _FORTIFY_SOURCE=2 -isysroot /data/user/0/aidepro.top/files/framework/android-sdk/ndk/24.0.8215888/toolchains/llvm/prebuilt/linux-aarch64/sysroot -internal-isystem /data/user/0/aidepro.top/files/framework/android-sdk/ndk/24.0.8215888/toolchains/llvm/prebuilt/linux-aarch64/sysroot/usr/include/c++/v1 -internal-isystem /data/user/0/aidepro.top/files/framework/android-sdk/ndk/24.0.8215888/toolchains/llvm/prebuilt/linux-aarch64/lib64/clang/14.0.1/include -internal-isystem /data/user/0/aidepro.top/files/framework/android-sdk/ndk/24.0.8215888/toolchains/llvm/prebuilt/linux-aarch64/sysroot/usr/local/include -internal-externc-isystem /data/user/0/aidepro.top/files/framework/android-sdk/ndk/24.0.8215888/toolchains/llvm/prebuilt/linux-aarch64/sysroot/usr/include/arm-linux-androideabi -internal-externc-isystem /data/user/0/aidepro.top/files/framework/android-sdk/ndk/24.0.8215888/toolchains/llvm/prebuilt/linux-aarch64/sysroot/include -internal-externc-isystem /data/user/0/aidepro.top/files/framework/android-sdk/ndk/24.0.8215888/toolchains/llvm/prebuilt/linux-aarch64/sysroot/usr/include -Wformat -fdeprecated-macro -fdebug-compilation-dir=/storage/emulated/0/AideProjects/imgui_test/app/.cxx/Debug/294b1oj2/armeabi-v7a/CMakeFiles/CMakeTmp -ferror-limit 19 -stack-protector 2 -fno-signed-char -fgnuc-version=4.2.1 -fcxx-exceptions -fexceptions -D__GCC_HAVE_DWARF2_CFI_ASM=1 -o CMakeFiles/cmTC_d4e9e.dir/CMakeCXXCompilerABI.cpp.o -x c++ /data/user/0/aidepro.top/files/framework/android-sdk/cmake/share/cmake-3.17/Modules/CMakeCXXCompilerABI.cpp
clang -cc1 version 14.0.1 based upon LLVM 14.0.1git default target aarch64-linux-android21
ignoring nonexistent directory "/data/user/0/aidepro.top/files/framework/android-sdk/ndk/24.0.8215888/toolchains/llvm/prebuilt/linux-aarch64/sysroot/include"
#include "..." search starts here:
#include <...> search starts here:
 /data/user/0/aidepro.top/files/framework/android-sdk/ndk/24.0.8215888/toolchains/llvm/prebuilt/linux-aarch64/sysroot/usr/include/c++/v1
 /data/user/0/aidepro.top/files/framework/android-sdk/ndk/24.0.8215888/toolchains/llvm/prebuilt/linux-aarch64/lib64/clang/14.0.1/include
 /data/user/0/aidepro.top/files/framework/android-sdk/ndk/24.0.8215888/toolchains/llvm/prebuilt/linux-aarch64/sysroot/usr/local/include
 /data/user/0/aidepro.top/files/framework/android-sdk/ndk/24.0.8215888/toolchains/llvm/prebuilt/linux-aarch64/sysroot/usr/include/arm-linux-androideabi
 /data/user/0/aidepro.top/files/framework/android-sdk/ndk/24.0.8215888/toolchains/llvm/prebuilt/linux-aarch64/sysroot/usr/include
End of search list.
[2/2] Linking CXX executable cmTC_d4e9e
Android (8075178, based on r437112b) clang version 14.0.1 (https://android.googlesource.com/toolchain/llvm-project)
Target: armv7-none-linux-android19
Thread model: posix
InstalledDir: /data/user/0/aidepro.top/files/framework/android-sdk/ndk/24.0.8215888/toolchains/llvm/prebuilt/linux-aarch64/bin
 "/data/user/0/aidepro.top/files/framework/android-sdk/ndk/24.0.8215888/toolchains/llvm/prebuilt/linux-aarch64/bin/ld" --sysroot=/data/user/0/aidepro.top/files/framework/android-sdk/ndk/24.0.8215888/toolchains/llvm/prebuilt/linux-aarch64/sysroot -pie -z noexecstack -EL --warn-shared-textrel -z now -z relro -z max-page-size=4096 -X --hash-style=both --enable-new-dtags --eh-frame-hdr -m armelf_linux_eabi -dynamic-linker /system/bin/linker -o cmTC_d4e9e /data/user/0/aidepro.top/files/framework/android-sdk/ndk/24.0.8215888/toolchains/llvm/prebuilt/linux-aarch64/sysroot/usr/lib/arm-linux-androideabi/19/crtbegin_dynamic.o -L/data/user/0/aidepro.top/files/framework/android-sdk/ndk/24.0.8215888/toolchains/llvm/prebuilt/linux-aarch64/lib64/clang/14.0.1/lib/linux/arm -L/data/user/0/aidepro.top/files/framework/android-sdk/ndk/24.0.8215888/toolchains/llvm/prebuilt/linux-aarch64/sysroot/usr/lib/arm-linux-androideabi/19 -L/data/user/0/aidepro.top/files/framework/android-sdk/ndk/24.0.8215888/toolchains/llvm/prebuilt/linux-aarch64/sysroot/usr/lib/arm-linux-androideabi -L/data/user/0/aidepro.top/files/framework/android-sdk/ndk/24.0.8215888/toolchains/llvm/prebuilt/linux-aarch64/sysroot/usr/lib/../lib -L/data/user/0/aidepro.top/files/framework/android-sdk/ndk/24.0.8215888/toolchains/llvm/prebuilt/linux-aarch64/sysroot/usr/lib --build-id=sha1 --no-rosegment --fatal-warnings --no-undefined --gc-sections CMakeFiles/cmTC_d4e9e.dir/CMakeCXXCompilerABI.cpp.o -Bstatic -lc++ -Bdynamic -lm /data/user/0/aidepro.top/files/framework/android-sdk/ndk/24.0.8215888/toolchains/llvm/prebuilt/linux-aarch64/lib64/clang/14.0.1/lib/linux/libclang_rt.builtins-arm-android.a -l:libunwind.a -ldl -lc /data/user/0/aidepro.top/files/framework/android-sdk/ndk/24.0.8215888/toolchains/llvm/prebuilt/linux-aarch64/lib64/clang/14.0.1/lib/linux/libclang_rt.builtins-arm-android.a -l:libunwind.a -ldl /data/user/0/aidepro.top/files/framework/android-sdk/ndk/24.0.8215888/toolchains/llvm/prebuilt/linux-aarch64/sysroot/usr/lib/arm-linux-androideabi/19/crtend_android.o



Parsed CXX implicit include dir info from above output: rv=done
  found start of include info
  found start of implicit include info
    add: [/data/user/0/aidepro.top/files/framework/android-sdk/ndk/24.0.8215888/toolchains/llvm/prebuilt/linux-aarch64/sysroot/usr/include/c++/v1]
    add: [/data/user/0/aidepro.top/files/framework/android-sdk/ndk/24.0.8215888/toolchains/llvm/prebuilt/linux-aarch64/lib64/clang/14.0.1/include]
    add: [/data/user/0/aidepro.top/files/framework/android-sdk/ndk/24.0.8215888/toolchains/llvm/prebuilt/linux-aarch64/sysroot/usr/local/include]
    add: [/data/user/0/aidepro.top/files/framework/android-sdk/ndk/24.0.8215888/toolchains/llvm/prebuilt/linux-aarch64/sysroot/usr/include/arm-linux-androideabi]
    add: [/data/user/0/aidepro.top/files/framework/android-sdk/ndk/24.0.8215888/toolchains/llvm/prebuilt/linux-aarch64/sysroot/usr/include]
  end of search list found
  collapse include dir [/data/user/0/aidepro.top/files/framework/android-sdk/ndk/24.0.8215888/toolchains/llvm/prebuilt/linux-aarch64/sysroot/usr/include/c++/v1] ==> [/data/user/0/aidepro.top/files/framework/android-sdk/ndk/24.0.8215888/toolchains/llvm/prebuilt/linux-aarch64/sysroot/usr/include/c++/v1]
  collapse include dir [/data/user/0/aidepro.top/files/framework/android-sdk/ndk/24.0.8215888/toolchains/llvm/prebuilt/linux-aarch64/lib64/clang/14.0.1/include] ==> [/data/user/0/aidepro.top/files/framework/android-sdk/ndk/24.0.8215888/toolchains/llvm/prebuilt/linux-aarch64/lib64/clang/14.0.1/include]
  collapse include dir [/data/user/0/aidepro.top/files/framework/android-sdk/ndk/24.0.8215888/toolchains/llvm/prebuilt/linux-aarch64/sysroot/usr/local/include] ==> [/data/user/0/aidepro.top/files/framework/android-sdk/ndk/24.0.8215888/toolchains/llvm/prebuilt/linux-aarch64/sysroot/usr/local/include]
  collapse include dir [/data/user/0/aidepro.top/files/framework/android-sdk/ndk/24.0.8215888/toolchains/llvm/prebuilt/linux-aarch64/sysroot/usr/include/arm-linux-androideabi] ==> [/data/user/0/aidepro.top/files/framework/android-sdk/ndk/24.0.8215888/toolchains/llvm/prebuilt/linux-aarch64/sysroot/usr/include/arm-linux-androideabi]
  collapse include dir [/data/user/0/aidepro.top/files/framework/android-sdk/ndk/24.0.8215888/toolchains/llvm/prebuilt/linux-aarch64/sysroot/usr/include] ==> [/data/user/0/aidepro.top/files/framework/android-sdk/ndk/24.0.8215888/toolchains/llvm/prebuilt/linux-aarch64/sysroot/usr/include]
  implicit include dirs: [/data/user/0/aidepro.top/files/framework/android-sdk/ndk/24.0.8215888/toolchains/llvm/prebuilt/linux-aarch64/sysroot/usr/include/c++/v1;/data/user/0/aidepro.top/files/framework/android-sdk/ndk/24.0.8215888/toolchains/llvm/prebuilt/linux-aarch64/lib64/clang/14.0.1/include;/data/user/0/aidepro.top/files/framework/android-sdk/ndk/24.0.8215888/toolchains/llvm/prebuilt/linux-aarch64/sysroot/usr/local/include;/data/user/0/aidepro.top/files/framework/android-sdk/ndk/24.0.8215888/toolchains/llvm/prebuilt/linux-aarch64/sysroot/usr/include/arm-linux-androideabi;/data/user/0/aidepro.top/files/framework/android-sdk/ndk/24.0.8215888/toolchains/llvm/prebuilt/linux-aarch64/sysroot/usr/include]


Parsed CXX implicit link information from above output:
  link line regex: [^( *|.*[/\])(ld\.lld|CMAKE_LINK_STARTFILE-NOTFOUND|([^/\]+-)?ld|collect2)[^/\]*( |$)]
  ignore line: [Change Dir: /storage/emulated/0/AideProjects/imgui_test/app/.cxx/Debug/294b1oj2/armeabi-v7a/CMakeFiles/CMakeTmp]
  ignore line: []
  ignore line: [Run Build Command(s):/data/user/0/aidepro.top/files/framework/android-sdk/cmake/bin/ninja cmTC_d4e9e && [1/2] Building CXX object CMakeFiles/cmTC_d4e9e.dir/CMakeCXXCompilerABI.cpp.o]
  ignore line: [Android (8075178  based on r437112b) clang version 14.0.1 (https://android.googlesource.com/toolchain/llvm-project)]
  ignore line: [Target: armv7-none-linux-android19]
  ignore line: [Thread model: posix]
  ignore line: [InstalledDir: /data/user/0/aidepro.top/files/framework/android-sdk/ndk/24.0.8215888/toolchains/llvm/prebuilt/linux-aarch64/bin]
  ignore line: [ (in-process)]
  ignore line: [ "/data/user/0/aidepro.top/files/framework/android-sdk/ndk/24.0.8215888/toolchains/llvm/prebuilt/linux-aarch64/bin/clang++" -cc1 -triple thumbv7-none-linux-android19 -emit-obj -mrelax-all --mrelax-relocations -mnoexecstack -disable-free -disable-llvm-verifier -discard-value-names -main-file-name CMakeCXXCompilerABI.cpp -mrelocation-model pic -pic-level 2 -pic-is-pie -mframe-pointer=all -fno-rounding-math -mconstructor-aliases -munwind-tables -target-cpu generic -target-feature +soft-float-abi -target-feature +vfp2 -target-feature +vfp2sp -target-feature +vfp3 -target-feature +vfp3d16 -target-feature +vfp3d16sp -target-feature +vfp3sp -target-feature -fp16 -target-feature -vfp4 -target-feature -vfp4d16 -target-feature -vfp4d16sp -target-feature -vfp4sp -target-feature -fp-armv8 -target-feature -fp-armv8d16 -target-feature -fp-armv8d16sp -target-feature -fp-armv8sp -target-feature -fullfp16 -target-feature +fp64 -target-feature +d32 -target-feature +neon -target-feature -sha2 -target-feature -aes -target-feature -fp16fml -target-abi aapcs-linux -mfloat-abi soft -fallow-half-arguments-and-returns -debug-info-kind=constructor -dwarf-version=4 -debugger-tuning=gdb -v -ffunction-sections -fdata-sections -fcoverage-compilation-dir=/storage/emulated/0/AideProjects/imgui_test/app/.cxx/Debug/294b1oj2/armeabi-v7a/CMakeFiles/CMakeTmp -resource-dir /data/user/0/aidepro.top/files/framework/android-sdk/ndk/24.0.8215888/toolchains/llvm/prebuilt/linux-aarch64/lib64/clang/14.0.1 -D ANDROID -D _FORTIFY_SOURCE=2 -isysroot /data/user/0/aidepro.top/files/framework/android-sdk/ndk/24.0.8215888/toolchains/llvm/prebuilt/linux-aarch64/sysroot -internal-isystem /data/user/0/aidepro.top/files/framework/android-sdk/ndk/24.0.8215888/toolchains/llvm/prebuilt/linux-aarch64/sysroot/usr/include/c++/v1 -internal-isystem /data/user/0/aidepro.top/files/framework/android-sdk/ndk/24.0.8215888/toolchains/llvm/prebuilt/linux-aarch64/lib64/clang/14.0.1/include -internal-isystem /data/user/0/aidepro.top/files/framework/android-sdk/ndk/24.0.8215888/toolchains/llvm/prebuilt/linux-aarch64/sysroot/usr/local/include -internal-externc-isystem /data/user/0/aidepro.top/files/framework/android-sdk/ndk/24.0.8215888/toolchains/llvm/prebuilt/linux-aarch64/sysroot/usr/include/arm-linux-androideabi -internal-externc-isystem /data/user/0/aidepro.top/files/framework/android-sdk/ndk/24.0.8215888/toolchains/llvm/prebuilt/linux-aarch64/sysroot/include -internal-externc-isystem /data/user/0/aidepro.top/files/framework/android-sdk/ndk/24.0.8215888/toolchains/llvm/prebuilt/linux-aarch64/sysroot/usr/include -Wformat -fdeprecated-macro -fdebug-compilation-dir=/storage/emulated/0/AideProjects/imgui_test/app/.cxx/Debug/294b1oj2/armeabi-v7a/CMakeFiles/CMakeTmp -ferror-limit 19 -stack-protector 2 -fno-signed-char -fgnuc-version=4.2.1 -fcxx-exceptions -fexceptions -D__GCC_HAVE_DWARF2_CFI_ASM=1 -o CMakeFiles/cmTC_d4e9e.dir/CMakeCXXCompilerABI.cpp.o -x c++ /data/user/0/aidepro.top/files/framework/android-sdk/cmake/share/cmake-3.17/Modules/CMakeCXXCompilerABI.cpp]
  ignore line: [clang -cc1 version 14.0.1 based upon LLVM 14.0.1git default target aarch64-linux-android21]
  ignore line: [ignoring nonexistent directory "/data/user/0/aidepro.top/files/framework/android-sdk/ndk/24.0.8215888/toolchains/llvm/prebuilt/linux-aarch64/sysroot/include"]
  ignore line: [#include "..." search starts here:]
  ignore line: [#include <...> search starts here:]
  ignore line: [ /data/user/0/aidepro.top/files/framework/android-sdk/ndk/24.0.8215888/toolchains/llvm/prebuilt/linux-aarch64/sysroot/usr/include/c++/v1]
  ignore line: [ /data/user/0/aidepro.top/files/framework/android-sdk/ndk/24.0.8215888/toolchains/llvm/prebuilt/linux-aarch64/lib64/clang/14.0.1/include]
  ignore line: [ /data/user/0/aidepro.top/files/framework/android-sdk/ndk/24.0.8215888/toolchains/llvm/prebuilt/linux-aarch64/sysroot/usr/local/include]
  ignore line: [ /data/user/0/aidepro.top/files/framework/android-sdk/ndk/24.0.8215888/toolchains/llvm/prebuilt/linux-aarch64/sysroot/usr/include/arm-linux-androideabi]
  ignore line: [ /data/user/0/aidepro.top/files/framework/android-sdk/ndk/24.0.8215888/toolchains/llvm/prebuilt/linux-aarch64/sysroot/usr/include]
  ignore line: [End of search list.]
  ignore line: [[2/2] Linking CXX executable cmTC_d4e9e]
  ignore line: [Android (8075178  based on r437112b) clang version 14.0.1 (https://android.googlesource.com/toolchain/llvm-project)]
  ignore line: [Target: armv7-none-linux-android19]
  ignore line: [Thread model: posix]
  ignore line: [InstalledDir: /data/user/0/aidepro.top/files/framework/android-sdk/ndk/24.0.8215888/toolchains/llvm/prebuilt/linux-aarch64/bin]
  link line: [ "/data/user/0/aidepro.top/files/framework/android-sdk/ndk/24.0.8215888/toolchains/llvm/prebuilt/linux-aarch64/bin/ld" --sysroot=/data/user/0/aidepro.top/files/framework/android-sdk/ndk/24.0.8215888/toolchains/llvm/prebuilt/linux-aarch64/sysroot -pie -z noexecstack -EL --warn-shared-textrel -z now -z relro -z max-page-size=4096 -X --hash-style=both --enable-new-dtags --eh-frame-hdr -m armelf_linux_eabi -dynamic-linker /system/bin/linker -o cmTC_d4e9e /data/user/0/aidepro.top/files/framework/android-sdk/ndk/24.0.8215888/toolchains/llvm/prebuilt/linux-aarch64/sysroot/usr/lib/arm-linux-androideabi/19/crtbegin_dynamic.o -L/data/user/0/aidepro.top/files/framework/android-sdk/ndk/24.0.8215888/toolchains/llvm/prebuilt/linux-aarch64/lib64/clang/14.0.1/lib/linux/arm -L/data/user/0/aidepro.top/files/framework/android-sdk/ndk/24.0.8215888/toolchains/llvm/prebuilt/linux-aarch64/sysroot/usr/lib/arm-linux-androideabi/19 -L/data/user/0/aidepro.top/files/framework/android-sdk/ndk/24.0.8215888/toolchains/llvm/prebuilt/linux-aarch64/sysroot/usr/lib/arm-linux-androideabi -L/data/user/0/aidepro.top/files/framework/android-sdk/ndk/24.0.8215888/toolchains/llvm/prebuilt/linux-aarch64/sysroot/usr/lib/../lib -L/data/user/0/aidepro.top/files/framework/android-sdk/ndk/24.0.8215888/toolchains/llvm/prebuilt/linux-aarch64/sysroot/usr/lib --build-id=sha1 --no-rosegment --fatal-warnings --no-undefined --gc-sections CMakeFiles/cmTC_d4e9e.dir/CMakeCXXCompilerABI.cpp.o -Bstatic -lc++ -Bdynamic -lm /data/user/0/aidepro.top/files/framework/android-sdk/ndk/24.0.8215888/toolchains/llvm/prebuilt/linux-aarch64/lib64/clang/14.0.1/lib/linux/libclang_rt.builtins-arm-android.a -l:libunwind.a -ldl -lc /data/user/0/aidepro.top/files/framework/android-sdk/ndk/24.0.8215888/toolchains/llvm/prebuilt/linux-aarch64/lib64/clang/14.0.1/lib/linux/libclang_rt.builtins-arm-android.a -l:libunwind.a -ldl /data/user/0/aidepro.top/files/framework/android-sdk/ndk/24.0.8215888/toolchains/llvm/prebuilt/linux-aarch64/sysroot/usr/lib/arm-linux-androideabi/19/crtend_android.o]
    arg [/data/user/0/aidepro.top/files/framework/android-sdk/ndk/24.0.8215888/toolchains/llvm/prebuilt/linux-aarch64/bin/ld] ==> ignore
    arg [--sysroot=/data/user/0/aidepro.top/files/framework/android-sdk/ndk/24.0.8215888/toolchains/llvm/prebuilt/linux-aarch64/sysroot] ==> ignore
    arg [-pie] ==> ignore
    arg [-znoexecstack] ==> ignore
    arg [-EL] ==> ignore
    arg [--warn-shared-textrel] ==> ignore
    arg [-znow] ==> ignore
    arg [-zrelro] ==> ignore
    arg [-zmax-page-size=4096] ==> ignore
    arg [-X] ==> ignore
    arg [--hash-style=both] ==> ignore
    arg [--enable-new-dtags] ==> ignore
    arg [--eh-frame-hdr] ==> ignore
    arg [-m] ==> ignore
    arg [armelf_linux_eabi] ==> ignore
    arg [-dynamic-linker] ==> ignore
    arg [/system/bin/linker] ==> ignore
    arg [-o] ==> ignore
    arg [cmTC_d4e9e] ==> ignore
    arg [/data/user/0/aidepro.top/files/framework/android-sdk/ndk/24.0.8215888/toolchains/llvm/prebuilt/linux-aarch64/sysroot/usr/lib/arm-linux-androideabi/19/crtbegin_dynamic.o] ==> ignore
    arg [-L/data/user/0/aidepro.top/files/framework/android-sdk/ndk/24.0.8215888/toolchains/llvm/prebuilt/linux-aarch64/lib64/clang/14.0.1/lib/linux/arm] ==> dir [/data/user/0/aidepro.top/files/framework/android-sdk/ndk/24.0.8215888/toolchains/llvm/prebuilt/linux-aarch64/lib64/clang/14.0.1/lib/linux/arm]
    arg [-L/data/user/0/aidepro.top/files/framework/android-sdk/ndk/24.0.8215888/toolchains/llvm/prebuilt/linux-aarch64/sysroot/usr/lib/arm-linux-androideabi/19] ==> dir [/data/user/0/aidepro.top/files/framework/android-sdk/ndk/24.0.8215888/toolchains/llvm/prebuilt/linux-aarch64/sysroot/usr/lib/arm-linux-androideabi/19]
    arg [-L/data/user/0/aidepro.top/files/framework/android-sdk/ndk/24.0.8215888/toolchains/llvm/prebuilt/linux-aarch64/sysroot/usr/lib/arm-linux-androideabi] ==> dir [/data/user/0/aidepro.top/files/framework/android-sdk/ndk/24.0.8215888/toolchains/llvm/prebuilt/linux-aarch64/sysroot/usr/lib/arm-linux-androideabi]
    arg [-L/data/user/0/aidepro.top/files/framework/android-sdk/ndk/24.0.8215888/toolchains/llvm/prebuilt/linux-aarch64/sysroot/usr/lib/../lib] ==> dir [/data/user/0/aidepro.top/files/framework/android-sdk/ndk/24.0.8215888/toolchains/llvm/prebuilt/linux-aarch64/sysroot/usr/lib/../lib]
    arg [-L/data/user/0/aidepro.top/files/framework/android-sdk/ndk/24.0.8215888/toolchains/llvm/prebuilt/linux-aarch64/sysroot/usr/lib] ==> dir [/data/user/0/aidepro.top/files/framework/android-sdk/ndk/24.0.8215888/toolchains/llvm/prebuilt/linux-aarch64/sysroot/usr/lib]
    arg [--build-id=sha1] ==> ignore
    arg [--no-rosegment] ==> ignore
    arg [--fatal-warnings] ==> ignore
    arg [--no-undefined] ==> ignore
    arg [--gc-sections] ==> ignore
    arg [CMakeFiles/cmTC_d4e9e.dir/CMakeCXXCompilerABI.cpp.o] ==> ignore
    arg [-Bstatic] ==> ignore
    arg [-lc++] ==> lib [c++]
    arg [-Bdynamic] ==> ignore
    arg [-lm] ==> lib [m]
    arg [/data/user/0/aidepro.top/files/framework/android-sdk/ndk/24.0.8215888/toolchains/llvm/prebuilt/linux-aarch64/lib64/clang/14.0.1/lib/linux/libclang_rt.builtins-arm-android.a] ==> lib [/data/user/0/aidepro.top/files/framework/android-sdk/ndk/24.0.8215888/toolchains/llvm/prebuilt/linux-aarch64/lib64/clang/14.0.1/lib/linux/libclang_rt.builtins-arm-android.a]
    arg [-l:libunwind.a] ==> lib [-l:libunwind.a]
    arg [-ldl] ==> lib [dl]
    arg [-lc] ==> lib [c]
    arg [/data/user/0/aidepro.top/files/framework/android-sdk/ndk/24.0.8215888/toolchains/llvm/prebuilt/linux-aarch64/lib64/clang/14.0.1/lib/linux/libclang_rt.builtins-arm-android.a] ==> lib [/data/user/0/aidepro.top/files/framework/android-sdk/ndk/24.0.8215888/toolchains/llvm/prebuilt/linux-aarch64/lib64/clang/14.0.1/lib/linux/libclang_rt.builtins-arm-android.a]
    arg [-l:libunwind.a] ==> lib [-l:libunwind.a]
    arg [-ldl] ==> lib [dl]
    arg [/data/user/0/aidepro.top/files/framework/android-sdk/ndk/24.0.8215888/toolchains/llvm/prebuilt/linux-aarch64/sysroot/usr/lib/arm-linux-androideabi/19/crtend_android.o] ==> ignore
  remove lib [/data/user/0/aidepro.top/files/framework/android-sdk/ndk/24.0.8215888/toolchains/llvm/prebuilt/linux-aarch64/lib64/clang/14.0.1/lib/linux/libclang_rt.builtins-arm-android.a]
  remove lib [/data/user/0/aidepro.top/files/framework/android-sdk/ndk/24.0.8215888/toolchains/llvm/prebuilt/linux-aarch64/lib64/clang/14.0.1/lib/linux/libclang_rt.builtins-arm-android.a]
  collapse library dir [/data/user/0/aidepro.top/files/framework/android-sdk/ndk/24.0.8215888/toolchains/llvm/prebuilt/linux-aarch64/lib64/clang/14.0.1/lib/linux/arm] ==> [/data/user/0/aidepro.top/files/framework/android-sdk/ndk/24.0.8215888/toolchains/llvm/prebuilt/linux-aarch64/lib64/clang/14.0.1/lib/linux/arm]
  collapse library dir [/data/user/0/aidepro.top/files/framework/android-sdk/ndk/24.0.8215888/toolchains/llvm/prebuilt/linux-aarch64/sysroot/usr/lib/arm-linux-androideabi/19] ==> [/data/user/0/aidepro.top/files/framework/android-sdk/ndk/24.0.8215888/toolchains/llvm/prebuilt/linux-aarch64/sysroot/usr/lib/arm-linux-androideabi/19]
  collapse library dir [/data/user/0/aidepro.top/files/framework/android-sdk/ndk/24.0.8215888/toolchains/llvm/prebuilt/linux-aarch64/sysroot/usr/lib/arm-linux-androideabi] ==> [/data/user/0/aidepro.top/files/framework/android-sdk/ndk/24.0.8215888/toolchains/llvm/prebuilt/linux-aarch64/sysroot/usr/lib/arm-linux-androideabi]
  collapse library dir [/data/user/0/aidepro.top/files/framework/android-sdk/ndk/24.0.8215888/toolchains/llvm/prebuilt/linux-aarch64/sysroot/usr/lib/../lib] ==> [/data/user/0/aidepro.top/files/framework/android-sdk/ndk/24.0.8215888/toolchains/llvm/prebuilt/linux-aarch64/sysroot/usr/lib]
  collapse library dir [/data/user/0/aidepro.top/files/framework/android-sdk/ndk/24.0.8215888/toolchains/llvm/prebuilt/linux-aarch64/sysroot/usr/lib] ==> [/data/user/0/aidepro.top/files/framework/android-sdk/ndk/24.0.8215888/toolchains/llvm/prebuilt/linux-aarch64/sysroot/usr/lib]
  implicit libs: [c++;m;-l:libunwind.a;dl;c;-l:libunwind.a;dl]
  implicit dirs: [/data/user/0/aidepro.top/files/framework/android-sdk/ndk/24.0.8215888/toolchains/llvm/prebuilt/linux-aarch64/lib64/clang/14.0.1/lib/linux/arm;/data/user/0/aidepro.top/files/framework/android-sdk/ndk/24.0.8215888/toolchains/llvm/prebuilt/linux-aarch64/sysroot/usr/lib/arm-linux-androideabi/19;/data/user/0/aidepro.top/files/framework/android-sdk/ndk/24.0.8215888/toolchains/llvm/prebuilt/linux-aarch64/sysroot/usr/lib/arm-linux-androideabi;/data/user/0/aidepro.top/files/framework/android-sdk/ndk/24.0.8215888/toolchains/llvm/prebuilt/linux-aarch64/sysroot/usr/lib]
  implicit fwks: []


